2013/06/21 01:56:26 [error] [exception.CException] exception 'CException' with message 'CAssetManager.basePath "C:\xampp\htdocs\emlinh\assets" is invalid. Please make sure the directory exists and is writable by the Web server process.' in C:\xampp\htdocs\emlinh\yii\framework\web\CAssetManager.php:138
Stack trace:
#0 C:\xampp\htdocs\emlinh\yii\framework\web\CAssetManager.php(123): CAssetManager->setBasePath('C:\xampp\htdocs...')
#1 C:\xampp\htdocs\emlinh\yii\framework\web\CAssetManager.php(217): CAssetManager->getBasePath()
#2 C:\xampp\htdocs\emlinh\yii\framework\web\CClientScript.php(462): CAssetManager->publish('C:\xampp\htdocs...')
#3 C:\xampp\htdocs\emlinh\yii\framework\web\CClientScript.php(499): CClientScript->getCoreScriptUrl()
#4 C:\xampp\htdocs\emlinh\yii\framework\web\CClientScript.php(315): CClientScript->getPackageBaseUrl('jquery')
#5 C:\xampp\htdocs\emlinh\yii\framework\web\CClientScript.php(208): CClientScript->renderCoreScripts()
#6 C:\xampp\htdocs\emlinh\yii\framework\web\CController.php(351): CClientScript->render('<!DOCTYPE html ...')
#7 C:\xampp\htdocs\emlinh\yii\framework\web\CController.php(788): CController->processOutput('<!DOCTYPE html ...')
#8 C:\xampp\htdocs\emlinh\protected\controllers\AdminController.php(308): CController->render('/site/login', Array)
#9 C:\xampp\htdocs\emlinh\yii\framework\web\actions\CInlineAction.php(49): AdminController->actionLogin()
#10 C:\xampp\htdocs\emlinh\yii\framework\web\CController.php(308): CInlineAction->runWithParams(Array)
#11 C:\xampp\htdocs\emlinh\yii\framework\web\CController.php(286): CController->runAction(Object(CInlineAction))
#12 C:\xampp\htdocs\emlinh\yii\framework\web\CController.php(265): CController->runActionWithFilters(Object(CInlineAction), Array)
#13 C:\xampp\htdocs\emlinh\yii\framework\web\CWebApplication.php(282): CController->run('login')
#14 C:\xampp\htdocs\emlinh\yii\framework\web\CWebApplication.php(141): CWebApplication->runController('admin/login')
#15 C:\xampp\htdocs\emlinh\yii\framework\base\CApplication.php(169): CWebApplication->processRequest()
#16 C:\xampp\htdocs\emlinh\index.php(13): CApplication->run()
#17 {main}
REQUEST_URI=/emlinh/index.php/admin/login
---
2013/06/21 16:06:44 [error] [exception.CDbException] exception 'CDbException' with message 'CDbConnection failed to open the DB connection: SQLSTATE[28000] [1045] Access denied for user 'garmentv_0'@'113.171.120.113' (using password: YES)' in C:\xampp\htdocs\emlinh\yii\framework\db\CDbConnection.php:381
Stack trace:
#0 C:\xampp\htdocs\emlinh\yii\framework\db\CDbConnection.php(330): CDbConnection->open()
#1 C:\xampp\htdocs\emlinh\yii\framework\db\CDbConnection.php(308): CDbConnection->setActive(true)
#2 C:\xampp\htdocs\emlinh\yii\framework\base\CModule.php(387): CDbConnection->init()
#3 C:\xampp\htdocs\emlinh\yii\framework\base\CApplication.php(438): CModule->getComponent('db')
#4 C:\xampp\htdocs\emlinh\yii\framework\db\ar\CActiveRecord.php(623): CApplication->getDb()
#5 C:\xampp\htdocs\emlinh\yii\framework\db\ar\CActiveRecord.php(2309): CActiveRecord->getDbConnection()
#6 C:\xampp\htdocs\emlinh\yii\framework\db\ar\CActiveRecord.php(387): CActiveRecordMetaData->__construct(Object(Location))
#7 C:\xampp\htdocs\emlinh\protected\models\Location.php(38): CActiveRecord::model('Location')
#8 C:\xampp\htdocs\emlinh\protected\controllers\LocationController.php(8): Location::model()
#9 [internal function]: LocationController->actionIndex(2)
#10 C:\xampp\htdocs\emlinh\yii\framework\web\actions\CAction.php(108): ReflectionMethod->invokeArgs(Object(LocationController), Array)
#11 C:\xampp\htdocs\emlinh\yii\framework\web\actions\CInlineAction.php(47): CAction->runWithParamsInternal(Object(LocationController), Object(ReflectionMethod), Array)
#12 C:\xampp\htdocs\emlinh\yii\framework\web\CController.php(308): CInlineAction->runWithParams(Array)
#13 C:\xampp\htdocs\emlinh\yii\framework\web\CController.php(286): CController->runAction(Object(CInlineAction))
#14 C:\xampp\htdocs\emlinh\yii\framework\web\CController.php(265): CController->runActionWithFilters(Object(CInlineAction), Array)
#15 C:\xampp\htdocs\emlinh\yii\framework\web\CWebApplication.php(282): CController->run('')
#16 C:\xampp\htdocs\emlinh\yii\framework\web\CWebApplication.php(141): CWebApplication->runController('')
#17 C:\xampp\htdocs\emlinh\yii\framework\base\CApplication.php(169): CWebApplication->processRequest()
#18 C:\xampp\htdocs\emlinh\index.php(13): CApplication->run()
#19 {main}
REQUEST_URI=/emlinh/
---
2013/06/21 16:45:26 [error] [exception.CDbException] exception 'CDbException' with message 'CDbConnection failed to open the DB connection: SQLSTATE[HY000] [2005] Unknown MySQL server host 'local' (11004)' in C:\xampp\htdocs\emlinh\yii\framework\db\CDbConnection.php:381
Stack trace:
#0 C:\xampp\htdocs\emlinh\yii\framework\db\CDbConnection.php(330): CDbConnection->open()
#1 C:\xampp\htdocs\emlinh\yii\framework\db\CDbConnection.php(308): CDbConnection->setActive(true)
#2 C:\xampp\htdocs\emlinh\yii\framework\base\CModule.php(387): CDbConnection->init()
#3 C:\xampp\htdocs\emlinh\yii\framework\base\CApplication.php(438): CModule->getComponent('db')
#4 C:\xampp\htdocs\emlinh\yii\framework\db\ar\CActiveRecord.php(623): CApplication->getDb()
#5 C:\xampp\htdocs\emlinh\yii\framework\db\ar\CActiveRecord.php(2309): CActiveRecord->getDbConnection()
#6 C:\xampp\htdocs\emlinh\yii\framework\db\ar\CActiveRecord.php(387): CActiveRecordMetaData->__construct(Object(Location))
#7 C:\xampp\htdocs\emlinh\protected\models\Location.php(38): CActiveRecord::model('Location')
#8 C:\xampp\htdocs\emlinh\protected\controllers\LocationController.php(8): Location::model()
#9 [internal function]: LocationController->actionIndex(2)
#10 C:\xampp\htdocs\emlinh\yii\framework\web\actions\CAction.php(108): ReflectionMethod->invokeArgs(Object(LocationController), Array)
#11 C:\xampp\htdocs\emlinh\yii\framework\web\actions\CInlineAction.php(47): CAction->runWithParamsInternal(Object(LocationController), Object(ReflectionMethod), Array)
#12 C:\xampp\htdocs\emlinh\yii\framework\web\CController.php(308): CInlineAction->runWithParams(Array)
#13 C:\xampp\htdocs\emlinh\yii\framework\web\CController.php(286): CController->runAction(Object(CInlineAction))
#14 C:\xampp\htdocs\emlinh\yii\framework\web\CController.php(265): CController->runActionWithFilters(Object(CInlineAction), Array)
#15 C:\xampp\htdocs\emlinh\yii\framework\web\CWebApplication.php(282): CController->run('')
#16 C:\xampp\htdocs\emlinh\yii\framework\web\CWebApplication.php(141): CWebApplication->runController('')
#17 C:\xampp\htdocs\emlinh\yii\framework\base\CApplication.php(169): CWebApplication->processRequest()
#18 C:\xampp\htdocs\emlinh\index.php(13): CApplication->run()
#19 {main}
REQUEST_URI=/emlinh/
---
2013/06/21 16:46:08 [error] [exception.CDbException] exception 'CDbException' with message 'CDbConnection failed to open the DB connection: SQLSTATE[HY000] [2005] Unknown MySQL server host 'local' (11004)' in C:\xampp\htdocs\emlinh\yii\framework\db\CDbConnection.php:381
Stack trace:
#0 C:\xampp\htdocs\emlinh\yii\framework\db\CDbConnection.php(330): CDbConnection->open()
#1 C:\xampp\htdocs\emlinh\yii\framework\db\CDbConnection.php(308): CDbConnection->setActive(true)
#2 C:\xampp\htdocs\emlinh\yii\framework\base\CModule.php(387): CDbConnection->init()
#3 C:\xampp\htdocs\emlinh\yii\framework\base\CApplication.php(438): CModule->getComponent('db')
#4 C:\xampp\htdocs\emlinh\yii\framework\db\ar\CActiveRecord.php(623): CApplication->getDb()
#5 C:\xampp\htdocs\emlinh\yii\framework\db\ar\CActiveRecord.php(2309): CActiveRecord->getDbConnection()
#6 C:\xampp\htdocs\emlinh\yii\framework\db\ar\CActiveRecord.php(387): CActiveRecordMetaData->__construct(Object(Location))
#7 C:\xampp\htdocs\emlinh\protected\models\Location.php(38): CActiveRecord::model('Location')
#8 C:\xampp\htdocs\emlinh\protected\controllers\LocationController.php(8): Location::model()
#9 [internal function]: LocationController->actionIndex(2)
#10 C:\xampp\htdocs\emlinh\yii\framework\web\actions\CAction.php(108): ReflectionMethod->invokeArgs(Object(LocationController), Array)
#11 C:\xampp\htdocs\emlinh\yii\framework\web\actions\CInlineAction.php(47): CAction->runWithParamsInternal(Object(LocationController), Object(ReflectionMethod), Array)
#12 C:\xampp\htdocs\emlinh\yii\framework\web\CController.php(308): CInlineAction->runWithParams(Array)
#13 C:\xampp\htdocs\emlinh\yii\framework\web\CController.php(286): CController->runAction(Object(CInlineAction))
#14 C:\xampp\htdocs\emlinh\yii\framework\web\CController.php(265): CController->runActionWithFilters(Object(CInlineAction), Array)
#15 C:\xampp\htdocs\emlinh\yii\framework\web\CWebApplication.php(282): CController->run('')
#16 C:\xampp\htdocs\emlinh\yii\framework\web\CWebApplication.php(141): CWebApplication->runController('')
#17 C:\xampp\htdocs\emlinh\yii\framework\base\CApplication.php(169): CWebApplication->processRequest()
#18 C:\xampp\htdocs\emlinh\index.php(13): CApplication->run()
#19 {main}
REQUEST_URI=/emlinh/
---
2013/06/22 01:24:42 [error] [php] Invalid argument supplied for foreach() (C:\xampp\htdocs\emlinh\protected\views\product\detail.php:8)
Stack trace:
#0 C:\xampp\htdocs\emlinh\yii\framework\web\CController.php(869): ProductController->renderFile()
#1 C:\xampp\htdocs\emlinh\yii\framework\web\CController.php(782): ProductController->renderPartial()
#2 C:\xampp\htdocs\emlinh\protected\controllers\ProductController.php(189): ProductController->render()
#3 C:\xampp\htdocs\emlinh\protected\controllers\ProductController.php(138): ProductController->render()
#4 unknown(0): ProductController->actionDetail()
#5 C:\xampp\htdocs\emlinh\yii\framework\web\actions\CAction.php(108): ReflectionMethod->invokeArgs()
#6 C:\xampp\htdocs\emlinh\yii\framework\web\actions\CInlineAction.php(47): CInlineAction->runWithParamsInternal()
#7 C:\xampp\htdocs\emlinh\yii\framework\web\CController.php(308): CInlineAction->runWithParams()
#8 C:\xampp\htdocs\emlinh\yii\framework\web\filters\CFilterChain.php(133): ProductController->runAction()
#9 C:\xampp\htdocs\emlinh\yii\framework\web\filters\CFilter.php(40): CFilterChain->run()
#10 C:\xampp\htdocs\emlinh\yii\framework\web\CController.php(1145): CAccessControlFilter->filter()
#11 C:\xampp\htdocs\emlinh\yii\framework\web\filters\CInlineFilter.php(58): ProductController->filterAccessControl()
#12 C:\xampp\htdocs\emlinh\yii\framework\web\filters\CFilterChain.php(130): CInlineFilter->filter()
#13 C:\xampp\htdocs\emlinh\yii\framework\web\CController.php(291): CFilterChain->run()
#14 C:\xampp\htdocs\emlinh\yii\framework\web\CController.php(265): ProductController->runActionWithFilters()
#15 C:\xampp\htdocs\emlinh\yii\framework\web\CWebApplication.php(282): ProductController->run()
#16 C:\xampp\htdocs\emlinh\yii\framework\web\CWebApplication.php(141): CWebApplication->runController()
#17 C:\xampp\htdocs\emlinh\yii\framework\base\CApplication.php(169): CWebApplication->processRequest()
#18 C:\xampp\htdocs\emlinh\index.php(13): CWebApplication->run()
REQUEST_URI=/emlinh/index.php/product/detail?ID=18&color=White
in C:\xampp\htdocs\emlinh\protected\views\product\detail.php (8)
in C:\xampp\htdocs\emlinh\protected\controllers\ProductController.php (189)
in C:\xampp\htdocs\emlinh\protected\controllers\ProductController.php (138)
2013/06/24 23:08:44 [error] [system.db.CDbCommand] CDbCommand::fetchAll() failed: SQLSTATE[42000]: Syntax error or access violation: 1064 You have an error in your SQL syntax; check the manual that corresponds to your MySQL server version for the right syntax to use near 'AND locationID = 1 ORDER BY Date' at line 1. The SQL statement executed was: SELECT * FROM `Product` `t` WHERE CatalogID =  AND locationID = 1 ORDER BY Date.
in C:\xampp\htdocs\emlinh\protected\models\Product.php (39)
in C:\xampp\htdocs\emlinh\protected\controllers\ProductController.php (126)
in C:\xampp\htdocs\emlinh\index.php (13)
2013/06/24 23:08:44 [error] [exception.CDbException] exception 'CDbException' with message 'CDbCommand failed to execute the SQL statement: SQLSTATE[42000]: Syntax error or access violation: 1064 You have an error in your SQL syntax; check the manual that corresponds to your MySQL server version for the right syntax to use near 'AND locationID = 1 ORDER BY Date' at line 1. The SQL statement executed was: SELECT * FROM `Product` `t` WHERE CatalogID =  AND locationID = 1 ORDER BY Date' in C:\xampp\htdocs\emlinh\yii\framework\db\CDbCommand.php:541
Stack trace:
#0 C:\xampp\htdocs\emlinh\yii\framework\db\CDbCommand.php(395): CDbCommand->queryInternal('fetchAll', Array, Array)
#1 C:\xampp\htdocs\emlinh\yii\framework\db\ar\CActiveRecord.php(1297): CDbCommand->queryAll()
#2 C:\xampp\htdocs\emlinh\yii\framework\db\ar\CActiveRecord.php(1416): CActiveRecord->query(Object(CDbCriteria), true)
#3 C:\xampp\htdocs\emlinh\protected\models\Product.php(39): CActiveRecord->findAll(Array)
#4 C:\xampp\htdocs\emlinh\protected\controllers\ProductController.php(126): Product->getByCatalogID('', '1')
#5 [internal function]: ProductController->actionIndex('')
#6 C:\xampp\htdocs\emlinh\yii\framework\web\actions\CAction.php(108): ReflectionMethod->invokeArgs(Object(ProductController), Array)
#7 C:\xampp\htdocs\emlinh\yii\framework\web\actions\CInlineAction.php(47): CAction->runWithParamsInternal(Object(ProductController), Object(ReflectionMethod), Array)
#8 C:\xampp\htdocs\emlinh\yii\framework\web\CController.php(308): CInlineAction->runWithParams(Array)
#9 C:\xampp\htdocs\emlinh\yii\framework\web\filters\CFilterChain.php(133): CController->runAction(Object(CInlineAction))
#10 C:\xampp\htdocs\emlinh\yii\framework\web\filters\CFilter.php(40): CFilterChain->run()
#11 C:\xampp\htdocs\emlinh\yii\framework\web\CController.php(1145): CFilter->filter(Object(CFilterChain))
#12 C:\xampp\htdocs\emlinh\yii\framework\web\filters\CInlineFilter.php(58): CController->filterAccessControl(Object(CFilterChain))
#13 C:\xampp\htdocs\emlinh\yii\framework\web\filters\CFilterChain.php(130): CInlineFilter->filter(Object(CFilterChain))
#14 C:\xampp\htdocs\emlinh\yii\framework\web\CController.php(291): CFilterChain->run()
#15 C:\xampp\htdocs\emlinh\yii\framework\web\CController.php(265): CController->runActionWithFilters(Object(CInlineAction), Array)
#16 C:\xampp\htdocs\emlinh\yii\framework\web\CWebApplication.php(282): CController->run('index')
#17 C:\xampp\htdocs\emlinh\yii\framework\web\CWebApplication.php(141): CWebApplication->runController('product/index')
#18 C:\xampp\htdocs\emlinh\yii\framework\base\CApplication.php(169): CWebApplication->processRequest()
#19 C:\xampp\htdocs\emlinh\index.php(13): CApplication->run()
#20 {main}
REQUEST_URI=/emlinh/index.php/product/index?catalogID=&page=1
HTTP_REFERER=http://localhost/emlinh/index.php/product/index?catalogID=1&page=1
---
2013/06/24 23:09:56 [error] [system.db.CDbCommand] CDbCommand::fetchAll() failed: SQLSTATE[42000]: Syntax error or access violation: 1064 You have an error in your SQL syntax; check the manual that corresponds to your MySQL server version for the right syntax to use near 'AND locationID = 1 ORDER BY Date' at line 1. The SQL statement executed was: SELECT * FROM `Product` `t` WHERE CatalogID =  AND locationID = 1 ORDER BY Date.
in C:\xampp\htdocs\emlinh\protected\models\Product.php (39)
in C:\xampp\htdocs\emlinh\protected\controllers\ProductController.php (126)
in C:\xampp\htdocs\emlinh\index.php (13)
2013/06/24 23:09:56 [error] [exception.CDbException] exception 'CDbException' with message 'CDbCommand failed to execute the SQL statement: SQLSTATE[42000]: Syntax error or access violation: 1064 You have an error in your SQL syntax; check the manual that corresponds to your MySQL server version for the right syntax to use near 'AND locationID = 1 ORDER BY Date' at line 1. The SQL statement executed was: SELECT * FROM `Product` `t` WHERE CatalogID =  AND locationID = 1 ORDER BY Date' in C:\xampp\htdocs\emlinh\yii\framework\db\CDbCommand.php:541
Stack trace:
#0 C:\xampp\htdocs\emlinh\yii\framework\db\CDbCommand.php(395): CDbCommand->queryInternal('fetchAll', Array, Array)
#1 C:\xampp\htdocs\emlinh\yii\framework\db\ar\CActiveRecord.php(1297): CDbCommand->queryAll()
#2 C:\xampp\htdocs\emlinh\yii\framework\db\ar\CActiveRecord.php(1416): CActiveRecord->query(Object(CDbCriteria), true)
#3 C:\xampp\htdocs\emlinh\protected\models\Product.php(39): CActiveRecord->findAll(Array)
#4 C:\xampp\htdocs\emlinh\protected\controllers\ProductController.php(126): Product->getByCatalogID('', '1')
#5 [internal function]: ProductController->actionIndex('')
#6 C:\xampp\htdocs\emlinh\yii\framework\web\actions\CAction.php(108): ReflectionMethod->invokeArgs(Object(ProductController), Array)
#7 C:\xampp\htdocs\emlinh\yii\framework\web\actions\CInlineAction.php(47): CAction->runWithParamsInternal(Object(ProductController), Object(ReflectionMethod), Array)
#8 C:\xampp\htdocs\emlinh\yii\framework\web\CController.php(308): CInlineAction->runWithParams(Array)
#9 C:\xampp\htdocs\emlinh\yii\framework\web\filters\CFilterChain.php(133): CController->runAction(Object(CInlineAction))
#10 C:\xampp\htdocs\emlinh\yii\framework\web\filters\CFilter.php(40): CFilterChain->run()
#11 C:\xampp\htdocs\emlinh\yii\framework\web\CController.php(1145): CFilter->filter(Object(CFilterChain))
#12 C:\xampp\htdocs\emlinh\yii\framework\web\filters\CInlineFilter.php(58): CController->filterAccessControl(Object(CFilterChain))
#13 C:\xampp\htdocs\emlinh\yii\framework\web\filters\CFilterChain.php(130): CInlineFilter->filter(Object(CFilterChain))
#14 C:\xampp\htdocs\emlinh\yii\framework\web\CController.php(291): CFilterChain->run()
#15 C:\xampp\htdocs\emlinh\yii\framework\web\CController.php(265): CController->runActionWithFilters(Object(CInlineAction), Array)
#16 C:\xampp\htdocs\emlinh\yii\framework\web\CWebApplication.php(282): CController->run('index')
#17 C:\xampp\htdocs\emlinh\yii\framework\web\CWebApplication.php(141): CWebApplication->runController('product/index')
#18 C:\xampp\htdocs\emlinh\yii\framework\base\CApplication.php(169): CWebApplication->processRequest()
#19 C:\xampp\htdocs\emlinh\index.php(13): CApplication->run()
#20 {main}
REQUEST_URI=/emlinh/index.php/product/index?catalogID=&page=1
HTTP_REFERER=http://localhost/emlinh/index.php/product/index?catalogID=1&page=1
---
2013/06/29 23:31:42 [error] [exception.CHttpException.404] exception 'CHttpException' with message 'The system is unable to find the requested action "information".' in C:\xampp\htdocs\emlinh\yii\framework\web\CController.php:483
Stack trace:
#0 C:\xampp\htdocs\emlinh\yii\framework\web\CController.php(270): CController->missingAction('information')
#1 C:\xampp\htdocs\emlinh\yii\framework\web\CWebApplication.php(282): CController->run('information')
#2 C:\xampp\htdocs\emlinh\yii\framework\web\CWebApplication.php(141): CWebApplication->runController('admin/informati...')
#3 C:\xampp\htdocs\emlinh\yii\framework\base\CApplication.php(169): CWebApplication->processRequest()
#4 C:\xampp\htdocs\emlinh\index.php(13): CApplication->run()
#5 {main}
REQUEST_URI=/emlinh/index.php/admin/information/view/id/1
HTTP_REFERER=http://localhost/emlinh/index.php/admin/InformationUpdate
---
2013/06/29 23:31:42 [error] [system.db.CDbCommand] CDbCommand::fetchAll() failed: SQLSTATE[42000]: Syntax error or access violation: 1064 You have an error in your SQL syntax; check the manual that corresponds to your MySQL server version for the right syntax to use near 'ORDER BY Date LIMIT 3' at line 1. The SQL statement executed was: SELECT * FROM `Product` `t` WHERE locationID =  ORDER BY Date LIMIT 3.
in C:\xampp\htdocs\emlinh\protected\models\Product.php (30)
in C:\xampp\htdocs\emlinh\protected\controllers\SiteController.php (131)
in C:\xampp\htdocs\emlinh\protected\controllers\SiteController.php (36)
2013/06/29 23:32:17 [error] [exception.CHttpException.404] exception 'CHttpException' with message 'The system is unable to find the requested action "information".' in C:\xampp\htdocs\emlinh\yii\framework\web\CController.php:483
Stack trace:
#0 C:\xampp\htdocs\emlinh\yii\framework\web\CController.php(270): CController->missingAction('information')
#1 C:\xampp\htdocs\emlinh\yii\framework\web\CWebApplication.php(282): CController->run('information')
#2 C:\xampp\htdocs\emlinh\yii\framework\web\CWebApplication.php(141): CWebApplication->runController('admin/informati...')
#3 C:\xampp\htdocs\emlinh\yii\framework\base\CApplication.php(169): CWebApplication->processRequest()
#4 C:\xampp\htdocs\emlinh\index.php(13): CApplication->run()
#5 {main}
REQUEST_URI=/emlinh/index.php/admin/information/view/id/1
HTTP_REFERER=http://localhost/emlinh/index.php/admin/InformationUpdate
---
2013/06/29 23:32:17 [error] [system.db.CDbCommand] CDbCommand::fetchAll() failed: SQLSTATE[42000]: Syntax error or access violation: 1064 You have an error in your SQL syntax; check the manual that corresponds to your MySQL server version for the right syntax to use near 'ORDER BY Date LIMIT 3' at line 1. The SQL statement executed was: SELECT * FROM `Product` `t` WHERE locationID =  ORDER BY Date LIMIT 3.
in C:\xampp\htdocs\emlinh\protected\models\Product.php (30)
in C:\xampp\htdocs\emlinh\protected\controllers\SiteController.php (131)
in C:\xampp\htdocs\emlinh\protected\controllers\SiteController.php (36)
2013/06/29 23:32:40 [error] [exception.CHttpException.404] exception 'CHttpException' with message 'The system is unable to find the requested action "information".' in C:\xampp\htdocs\emlinh\yii\framework\web\CController.php:483
Stack trace:
#0 C:\xampp\htdocs\emlinh\yii\framework\web\CController.php(270): CController->missingAction('information')
#1 C:\xampp\htdocs\emlinh\yii\framework\web\CWebApplication.php(282): CController->run('information')
#2 C:\xampp\htdocs\emlinh\yii\framework\web\CWebApplication.php(141): CWebApplication->runController('admin/informati...')
#3 C:\xampp\htdocs\emlinh\yii\framework\base\CApplication.php(169): CWebApplication->processRequest()
#4 C:\xampp\htdocs\emlinh\index.php(13): CApplication->run()
#5 {main}
REQUEST_URI=/emlinh/index.php/admin/information/view/id/1
HTTP_REFERER=http://localhost/emlinh/index.php/admin/InformationUpdate
---
2013/06/29 23:32:40 [error] [system.db.CDbCommand] CDbCommand::fetchAll() failed: SQLSTATE[42000]: Syntax error or access violation: 1064 You have an error in your SQL syntax; check the manual that corresponds to your MySQL server version for the right syntax to use near 'ORDER BY Date LIMIT 3' at line 1. The SQL statement executed was: SELECT * FROM `Product` `t` WHERE locationID =  ORDER BY Date LIMIT 3.
in C:\xampp\htdocs\emlinh\protected\models\Product.php (30)
in C:\xampp\htdocs\emlinh\protected\controllers\SiteController.php (131)
in C:\xampp\htdocs\emlinh\protected\controllers\SiteController.php (36)
2013/06/29 23:36:54 [error] [exception.CHttpException.404] exception 'CHttpException' with message 'The system is unable to find the requested action "information".' in C:\xampp\htdocs\emlinh\yii\framework\web\CController.php:483
Stack trace:
#0 C:\xampp\htdocs\emlinh\yii\framework\web\CController.php(270): CController->missingAction('information')
#1 C:\xampp\htdocs\emlinh\yii\framework\web\CWebApplication.php(282): CController->run('information')
#2 C:\xampp\htdocs\emlinh\yii\framework\web\CWebApplication.php(141): CWebApplication->runController('admin/informati...')
#3 C:\xampp\htdocs\emlinh\yii\framework\base\CApplication.php(169): CWebApplication->processRequest()
#4 C:\xampp\htdocs\emlinh\index.php(13): CApplication->run()
#5 {main}
REQUEST_URI=/emlinh/index.php/admin/information/view/id/1
HTTP_REFERER=http://localhost/emlinh/index.php/admin/InformationUpdate
---
2013/06/29 23:36:54 [error] [system.db.CDbCommand] CDbCommand::fetchAll() failed: SQLSTATE[42000]: Syntax error or access violation: 1064 You have an error in your SQL syntax; check the manual that corresponds to your MySQL server version for the right syntax to use near 'ORDER BY Date LIMIT 3' at line 1. The SQL statement executed was: SELECT * FROM `Product` `t` WHERE locationID =  ORDER BY Date LIMIT 3.
in C:\xampp\htdocs\emlinh\protected\models\Product.php (30)
in C:\xampp\htdocs\emlinh\protected\controllers\SiteController.php (131)
in C:\xampp\htdocs\emlinh\protected\controllers\SiteController.php (36)
2013/06/30 00:27:11 [error] [exception.CException] exception 'CException' with message 'Property "News.brief_en" is not defined.' in C:\xampp\htdocs\emlinh\yii\framework\base\CComponent.php:130
Stack trace:
#0 C:\xampp\htdocs\emlinh\yii\framework\db\ar\CActiveRecord.php(143): CComponent->__get('brief_en')
#1 C:\xampp\htdocs\emlinh\protected\views\site\pages\newsAll.php(40): CActiveRecord->__get('brief_en')
#2 C:\xampp\htdocs\emlinh\yii\framework\web\CBaseController.php(126): require('C:\xampp\htdocs...')
#3 C:\xampp\htdocs\emlinh\yii\framework\web\CBaseController.php(95): CBaseController->renderInternal('C:\xampp\htdocs...', Array, true)
#4 C:\xampp\htdocs\emlinh\yii\framework\web\CController.php(869): CBaseController->renderFile('C:\xampp\htdocs...', Array, true)
#5 C:\xampp\htdocs\emlinh\yii\framework\web\CController.php(782): CController->renderPartial('/site/pages/new...', Array, true)
#6 C:\xampp\htdocs\emlinh\protected\controllers\SiteController.php(141): CController->render('/site/pages/new...', Array, false)
#7 C:\xampp\htdocs\emlinh\protected\controllers\SiteController.php(90): SiteController->render('/site/pages/new...', Array)
#8 C:\xampp\htdocs\emlinh\yii\framework\web\actions\CInlineAction.php(49): SiteController->actionNewsAll()
#9 C:\xampp\htdocs\emlinh\yii\framework\web\CController.php(308): CInlineAction->runWithParams(Array)
#10 C:\xampp\htdocs\emlinh\yii\framework\web\CController.php(286): CController->runAction(Object(CInlineAction))
#11 C:\xampp\htdocs\emlinh\yii\framework\web\CController.php(265): CController->runActionWithFilters(Object(CInlineAction), Array)
#12 C:\xampp\htdocs\emlinh\yii\framework\web\CWebApplication.php(282): CController->run('newsAll')
#13 C:\xampp\htdocs\emlinh\yii\framework\web\CWebApplication.php(141): CWebApplication->runController('site/newsAll')
#14 C:\xampp\htdocs\emlinh\yii\framework\base\CApplication.php(169): CWebApplication->processRequest()
#15 C:\xampp\htdocs\emlinh\index.php(13): CApplication->run()
#16 {main}
REQUEST_URI=/emlinh/index.php/site/newsAll
HTTP_REFERER=http://localhost/emlinh/index.php/site/news
---
2013/06/30 00:29:03 [error] [exception.CException] exception 'CException' with message 'Property "News.brief_en" is not defined.' in C:\xampp\htdocs\emlinh\yii\framework\base\CComponent.php:130
Stack trace:
#0 C:\xampp\htdocs\emlinh\yii\framework\db\ar\CActiveRecord.php(143): CComponent->__get('brief_en')
#1 C:\xampp\htdocs\emlinh\protected\views\site\pages\newsAll.php(40): CActiveRecord->__get('brief_en')
#2 C:\xampp\htdocs\emlinh\yii\framework\web\CBaseController.php(126): require('C:\xampp\htdocs...')
#3 C:\xampp\htdocs\emlinh\yii\framework\web\CBaseController.php(95): CBaseController->renderInternal('C:\xampp\htdocs...', Array, true)
#4 C:\xampp\htdocs\emlinh\yii\framework\web\CController.php(869): CBaseController->renderFile('C:\xampp\htdocs...', Array, true)
#5 C:\xampp\htdocs\emlinh\yii\framework\web\CController.php(782): CController->renderPartial('/site/pages/new...', Array, true)
#6 C:\xampp\htdocs\emlinh\protected\controllers\SiteController.php(141): CController->render('/site/pages/new...', Array, false)
#7 C:\xampp\htdocs\emlinh\protected\controllers\SiteController.php(90): SiteController->render('/site/pages/new...', Array)
#8 C:\xampp\htdocs\emlinh\yii\framework\web\actions\CInlineAction.php(49): SiteController->actionNewsAll()
#9 C:\xampp\htdocs\emlinh\yii\framework\web\CController.php(308): CInlineAction->runWithParams(Array)
#10 C:\xampp\htdocs\emlinh\yii\framework\web\CController.php(286): CController->runAction(Object(CInlineAction))
#11 C:\xampp\htdocs\emlinh\yii\framework\web\CController.php(265): CController->runActionWithFilters(Object(CInlineAction), Array)
#12 C:\xampp\htdocs\emlinh\yii\framework\web\CWebApplication.php(282): CController->run('newsAll')
#13 C:\xampp\htdocs\emlinh\yii\framework\web\CWebApplication.php(141): CWebApplication->runController('site/newsAll')
#14 C:\xampp\htdocs\emlinh\yii\framework\base\CApplication.php(169): CWebApplication->processRequest()
#15 C:\xampp\htdocs\emlinh\index.php(13): CApplication->run()
#16 {main}
REQUEST_URI=/emlinh/index.php/site/newsAll
---
2013/06/30 03:29:13 [error] [exception.CException] exception 'CException' with message 'News and its behaviors do not have a method or closure named "getLastesCampaign".' in C:\xampp\htdocs\emlinh\yii\framework\base\CComponent.php:265
Stack trace:
#0 C:\xampp\htdocs\emlinh\yii\framework\db\ar\CActiveRecord.php(225): CComponent->__call('getLastesCampai...', Array)
#1 [internal function]: CActiveRecord->__call('getLastesCampai...', Array)
#2 C:\xampp\htdocs\emlinh\protected\controllers\SiteController.php(94): News->getLastesCampaign()
#3 C:\xampp\htdocs\emlinh\yii\framework\web\actions\CInlineAction.php(49): SiteController->actionSaleAll()
#4 C:\xampp\htdocs\emlinh\yii\framework\web\CController.php(308): CInlineAction->runWithParams(Array)
#5 C:\xampp\htdocs\emlinh\yii\framework\web\CController.php(286): CController->runAction(Object(CInlineAction))
#6 C:\xampp\htdocs\emlinh\yii\framework\web\CController.php(265): CController->runActionWithFilters(Object(CInlineAction), Array)
#7 C:\xampp\htdocs\emlinh\yii\framework\web\CWebApplication.php(282): CController->run('saleAll')
#8 C:\xampp\htdocs\emlinh\yii\framework\web\CWebApplication.php(141): CWebApplication->runController('site/saleAll')
#9 C:\xampp\htdocs\emlinh\yii\framework\base\CApplication.php(169): CWebApplication->processRequest()
#10 C:\xampp\htdocs\emlinh\index.php(13): CApplication->run()
#11 {main}
REQUEST_URI=/emlinh/index.php/site/saleAll
HTTP_REFERER=http://localhost/emlinh/index.php/site/newsAll
---
2013/06/30 03:29:34 [error] [exception.CException] exception 'CException' with message 'News and its behaviors do not have a method or closure named "getLasteCampaign".' in C:\xampp\htdocs\emlinh\yii\framework\base\CComponent.php:265
Stack trace:
#0 C:\xampp\htdocs\emlinh\yii\framework\db\ar\CActiveRecord.php(225): CComponent->__call('getLasteCampaig...', Array)
#1 [internal function]: CActiveRecord->__call('getLasteCampaig...', Array)
#2 C:\xampp\htdocs\emlinh\protected\controllers\SiteController.php(94): News->getLasteCampaign()
#3 C:\xampp\htdocs\emlinh\yii\framework\web\actions\CInlineAction.php(49): SiteController->actionSaleAll()
#4 C:\xampp\htdocs\emlinh\yii\framework\web\CController.php(308): CInlineAction->runWithParams(Array)
#5 C:\xampp\htdocs\emlinh\yii\framework\web\CController.php(286): CController->runAction(Object(CInlineAction))
#6 C:\xampp\htdocs\emlinh\yii\framework\web\CController.php(265): CController->runActionWithFilters(Object(CInlineAction), Array)
#7 C:\xampp\htdocs\emlinh\yii\framework\web\CWebApplication.php(282): CController->run('saleAll')
#8 C:\xampp\htdocs\emlinh\yii\framework\web\CWebApplication.php(141): CWebApplication->runController('site/saleAll')
#9 C:\xampp\htdocs\emlinh\yii\framework\base\CApplication.php(169): CWebApplication->processRequest()
#10 C:\xampp\htdocs\emlinh\index.php(13): CApplication->run()
#11 {main}
REQUEST_URI=/emlinh/index.php/site/saleAll
HTTP_REFERER=http://localhost/emlinh/index.php/site/newsAll
---
2013/06/30 03:29:37 [error] [exception.CException] exception 'CException' with message 'News and its behaviors do not have a method or closure named "getLasteCampaign".' in C:\xampp\htdocs\emlinh\yii\framework\base\CComponent.php:265
Stack trace:
#0 C:\xampp\htdocs\emlinh\yii\framework\db\ar\CActiveRecord.php(225): CComponent->__call('getLasteCampaig...', Array)
#1 [internal function]: CActiveRecord->__call('getLasteCampaig...', Array)
#2 C:\xampp\htdocs\emlinh\protected\controllers\SiteController.php(94): News->getLasteCampaign()
#3 C:\xampp\htdocs\emlinh\yii\framework\web\actions\CInlineAction.php(49): SiteController->actionSaleAll()
#4 C:\xampp\htdocs\emlinh\yii\framework\web\CController.php(308): CInlineAction->runWithParams(Array)
#5 C:\xampp\htdocs\emlinh\yii\framework\web\CController.php(286): CController->runAction(Object(CInlineAction))
#6 C:\xampp\htdocs\emlinh\yii\framework\web\CController.php(265): CController->runActionWithFilters(Object(CInlineAction), Array)
#7 C:\xampp\htdocs\emlinh\yii\framework\web\CWebApplication.php(282): CController->run('saleAll')
#8 C:\xampp\htdocs\emlinh\yii\framework\web\CWebApplication.php(141): CWebApplication->runController('site/saleAll')
#9 C:\xampp\htdocs\emlinh\yii\framework\base\CApplication.php(169): CWebApplication->processRequest()
#10 C:\xampp\htdocs\emlinh\index.php(13): CApplication->run()
#11 {main}
REQUEST_URI=/emlinh/index.php/site/saleAll
---
2013/06/30 03:29:57 [error] [exception.CException] exception 'CException' with message 'News and its behaviors do not have a method or closure named "getLastestCampaign".' in C:\xampp\htdocs\emlinh\yii\framework\base\CComponent.php:265
Stack trace:
#0 C:\xampp\htdocs\emlinh\yii\framework\db\ar\CActiveRecord.php(225): CComponent->__call('getLastestCampa...', Array)
#1 [internal function]: CActiveRecord->__call('getLastestCampa...', Array)
#2 C:\xampp\htdocs\emlinh\protected\controllers\SiteController.php(94): News->getLastestCampaign()
#3 C:\xampp\htdocs\emlinh\yii\framework\web\actions\CInlineAction.php(49): SiteController->actionSaleAll()
#4 C:\xampp\htdocs\emlinh\yii\framework\web\CController.php(308): CInlineAction->runWithParams(Array)
#5 C:\xampp\htdocs\emlinh\yii\framework\web\CController.php(286): CController->runAction(Object(CInlineAction))
#6 C:\xampp\htdocs\emlinh\yii\framework\web\CController.php(265): CController->runActionWithFilters(Object(CInlineAction), Array)
#7 C:\xampp\htdocs\emlinh\yii\framework\web\CWebApplication.php(282): CController->run('saleAll')
#8 C:\xampp\htdocs\emlinh\yii\framework\web\CWebApplication.php(141): CWebApplication->runController('site/saleAll')
#9 C:\xampp\htdocs\emlinh\yii\framework\base\CApplication.php(169): CWebApplication->processRequest()
#10 C:\xampp\htdocs\emlinh\index.php(13): CApplication->run()
#11 {main}
REQUEST_URI=/emlinh/index.php/site/saleAll
---
2013/06/30 03:29:59 [error] [exception.CException] exception 'CException' with message 'News and its behaviors do not have a method or closure named "getLastestCampaign".' in C:\xampp\htdocs\emlinh\yii\framework\base\CComponent.php:265
Stack trace:
#0 C:\xampp\htdocs\emlinh\yii\framework\db\ar\CActiveRecord.php(225): CComponent->__call('getLastestCampa...', Array)
#1 [internal function]: CActiveRecord->__call('getLastestCampa...', Array)
#2 C:\xampp\htdocs\emlinh\protected\controllers\SiteController.php(94): News->getLastestCampaign()
#3 C:\xampp\htdocs\emlinh\yii\framework\web\actions\CInlineAction.php(49): SiteController->actionSaleAll()
#4 C:\xampp\htdocs\emlinh\yii\framework\web\CController.php(308): CInlineAction->runWithParams(Array)
#5 C:\xampp\htdocs\emlinh\yii\framework\web\CController.php(286): CController->runAction(Object(CInlineAction))
#6 C:\xampp\htdocs\emlinh\yii\framework\web\CController.php(265): CController->runActionWithFilters(Object(CInlineAction), Array)
#7 C:\xampp\htdocs\emlinh\yii\framework\web\CWebApplication.php(282): CController->run('saleAll')
#8 C:\xampp\htdocs\emlinh\yii\framework\web\CWebApplication.php(141): CWebApplication->runController('site/saleAll')
#9 C:\xampp\htdocs\emlinh\yii\framework\base\CApplication.php(169): CWebApplication->processRequest()
#10 C:\xampp\htdocs\emlinh\index.php(13): CApplication->run()
#11 {main}
REQUEST_URI=/emlinh/index.php/site/saleAll
---
2013/06/30 03:30:26 [error] [exception.CException] exception 'CException' with message 'News and its behaviors do not have a method or closure named "getLastestCampaign".' in C:\xampp\htdocs\emlinh\yii\framework\base\CComponent.php:265
Stack trace:
#0 C:\xampp\htdocs\emlinh\yii\framework\db\ar\CActiveRecord.php(225): CComponent->__call('getLastestCampa...', Array)
#1 [internal function]: CActiveRecord->__call('getLastestCampa...', Array)
#2 C:\xampp\htdocs\emlinh\protected\controllers\SiteController.php(94): News->getLastestCampaign()
#3 C:\xampp\htdocs\emlinh\yii\framework\web\actions\CInlineAction.php(49): SiteController->actionSaleAll()
#4 C:\xampp\htdocs\emlinh\yii\framework\web\CController.php(308): CInlineAction->runWithParams(Array)
#5 C:\xampp\htdocs\emlinh\yii\framework\web\CController.php(286): CController->runAction(Object(CInlineAction))
#6 C:\xampp\htdocs\emlinh\yii\framework\web\CController.php(265): CController->runActionWithFilters(Object(CInlineAction), Array)
#7 C:\xampp\htdocs\emlinh\yii\framework\web\CWebApplication.php(282): CController->run('saleAll')
#8 C:\xampp\htdocs\emlinh\yii\framework\web\CWebApplication.php(141): CWebApplication->runController('site/saleAll')
#9 C:\xampp\htdocs\emlinh\yii\framework\base\CApplication.php(169): CWebApplication->processRequest()
#10 C:\xampp\htdocs\emlinh\index.php(13): CApplication->run()
#11 {main}
REQUEST_URI=/emlinh/index.php/site/saleAll
---
2013/06/30 10:45:36 [error] [exception.CException] exception 'CException' with message 'Property "News.image" is not defined.' in C:\xampp\htdocs\emlinh\yii\framework\base\CComponent.php:130
Stack trace:
#0 C:\xampp\htdocs\emlinh\yii\framework\db\ar\CActiveRecord.php(143): CComponent->__get('image')
#1 C:\xampp\htdocs\emlinh\protected\views\site\pages\newsAll.php(78): CActiveRecord->__get('image')
#2 C:\xampp\htdocs\emlinh\yii\framework\web\CBaseController.php(126): require('C:\xampp\htdocs...')
#3 C:\xampp\htdocs\emlinh\yii\framework\web\CBaseController.php(95): CBaseController->renderInternal('C:\xampp\htdocs...', Array, true)
#4 C:\xampp\htdocs\emlinh\yii\framework\web\CController.php(869): CBaseController->renderFile('C:\xampp\htdocs...', Array, true)
#5 C:\xampp\htdocs\emlinh\yii\framework\web\CController.php(782): CController->renderPartial('/site/pages/new...', Array, true)
#6 C:\xampp\htdocs\emlinh\protected\controllers\SiteController.php(149): CController->render('/site/pages/new...', Array, false)
#7 C:\xampp\htdocs\emlinh\protected\controllers\SiteController.php(91): SiteController->render('/site/pages/new...', Array)
#8 [internal function]: SiteController->actionNewsAll('1')
#9 C:\xampp\htdocs\emlinh\yii\framework\web\actions\CAction.php(108): ReflectionMethod->invokeArgs(Object(SiteController), Array)
#10 C:\xampp\htdocs\emlinh\yii\framework\web\actions\CInlineAction.php(47): CAction->runWithParamsInternal(Object(SiteController), Object(ReflectionMethod), Array)
#11 C:\xampp\htdocs\emlinh\yii\framework\web\CController.php(308): CInlineAction->runWithParams(Array)
#12 C:\xampp\htdocs\emlinh\yii\framework\web\CController.php(286): CController->runAction(Object(CInlineAction))
#13 C:\xampp\htdocs\emlinh\yii\framework\web\CController.php(265): CController->runActionWithFilters(Object(CInlineAction), Array)
#14 C:\xampp\htdocs\emlinh\yii\framework\web\CWebApplication.php(282): CController->run('newsAll')
#15 C:\xampp\htdocs\emlinh\yii\framework\web\CWebApplication.php(141): CWebApplication->runController('site/newsAll')
#16 C:\xampp\htdocs\emlinh\yii\framework\base\CApplication.php(169): CWebApplication->processRequest()
#17 C:\xampp\htdocs\emlinh\index.php(13): CApplication->run()
#18 {main}
REQUEST_URI=/emlinh/index.php/site/newsAll?page=1
HTTP_REFERER=http://localhost/emlinh/index.php/site/campaign?position=1
---
2013/06/30 11:47:22 [error] [php] include(User.php) [<a href='function.include'>function.include</a>]: failed to open stream: No such file or directory (C:\xampp\htdocs\emlinh\yii\framework\YiiBase.php:421)
Stack trace:
#0 C:\xampp\htdocs\emlinh\protected\components\UserIdentity.php(38): spl_autoload_call()
#1 C:\xampp\htdocs\emlinh\protected\models\LoginForm.php(52): UserIdentity->authenticate()
#2 C:\xampp\htdocs\emlinh\yii\framework\validators\CInlineValidator.php(42): LoginForm->authenticate()
#3 C:\xampp\htdocs\emlinh\yii\framework\validators\CValidator.php(213): CInlineValidator->validateAttribute()
#4 C:\xampp\htdocs\emlinh\yii\framework\base\CModel.php(159): CInlineValidator->validate()
#5 C:\xampp\htdocs\emlinh\protected\controllers\AdminController.php(304): LoginForm->validate()
#6 C:\xampp\htdocs\emlinh\yii\framework\web\actions\CInlineAction.php(49): AdminController->actionLogin()
#7 C:\xampp\htdocs\emlinh\yii\framework\web\CController.php(308): CInlineAction->runWithParams()
#8 C:\xampp\htdocs\emlinh\yii\framework\web\CController.php(286): AdminController->runAction()
#9 C:\xampp\htdocs\emlinh\yii\framework\web\CController.php(265): AdminController->runActionWithFilters()
#10 C:\xampp\htdocs\emlinh\yii\framework\web\CWebApplication.php(282): AdminController->run()
#11 C:\xampp\htdocs\emlinh\yii\framework\web\CWebApplication.php(141): CWebApplication->runController()
#12 C:\xampp\htdocs\emlinh\yii\framework\base\CApplication.php(169): CWebApplication->processRequest()
#13 C:\xampp\htdocs\emlinh\index.php(13): CWebApplication->run()
REQUEST_URI=/emlinh/index.php/admin/login
in C:\xampp\htdocs\emlinh\protected\components\UserIdentity.php (38)
in C:\xampp\htdocs\emlinh\protected\models\LoginForm.php (52)
in C:\xampp\htdocs\emlinh\protected\controllers\AdminController.php (304)
2013/06/30 12:26:25 [error] [system.db.CDbCommand] CDbCommand::execute() failed: SQLSTATE[HY000]: General error: 1406 Data too long for column 'password' at row 1. The SQL statement executed was: UPDATE `admin` SET `id`=:yp0, `name`=:yp1, `password`=:yp2 WHERE `admin`.`id`=1.
in C:\xampp\htdocs\emlinh\protected\controllers\AdminManagerController.php (97)
in C:\xampp\htdocs\emlinh\index.php (13)
2013/06/30 12:26:26 [error] [exception.CDbException] exception 'CDbException' with message 'CDbCommand failed to execute the SQL statement: SQLSTATE[HY000]: General error: 1406 Data too long for column 'password' at row 1. The SQL statement executed was: UPDATE `admin` SET `id`=:yp0, `name`=:yp1, `password`=:yp2 WHERE `admin`.`id`=1' in C:\xampp\htdocs\emlinh\yii\framework\db\CDbCommand.php:357
Stack trace:
#0 C:\xampp\htdocs\emlinh\yii\framework\db\ar\CActiveRecord.php(1691): CDbCommand->execute()
#1 C:\xampp\htdocs\emlinh\yii\framework\db\ar\CActiveRecord.php(1070): CActiveRecord->updateByPk('1', Array)
#2 C:\xampp\htdocs\emlinh\yii\framework\db\ar\CActiveRecord.php(795): CActiveRecord->update(NULL)
#3 C:\xampp\htdocs\emlinh\protected\controllers\AdminManagerController.php(97): CActiveRecord->save()
#4 [internal function]: AdminManagerController->actionUpdate('1')
#5 C:\xampp\htdocs\emlinh\yii\framework\web\actions\CAction.php(108): ReflectionMethod->invokeArgs(Object(AdminManagerController), Array)
#6 C:\xampp\htdocs\emlinh\yii\framework\web\actions\CInlineAction.php(47): CAction->runWithParamsInternal(Object(AdminManagerController), Object(ReflectionMethod), Array)
#7 C:\xampp\htdocs\emlinh\yii\framework\web\CController.php(308): CInlineAction->runWithParams(Array)
#8 C:\xampp\htdocs\emlinh\yii\framework\web\filters\CFilterChain.php(133): CController->runAction(Object(CInlineAction))
#9 C:\xampp\htdocs\emlinh\yii\framework\web\filters\CFilter.php(40): CFilterChain->run()
#10 C:\xampp\htdocs\emlinh\yii\framework\web\CController.php(1145): CFilter->filter(Object(CFilterChain))
#11 C:\xampp\htdocs\emlinh\yii\framework\web\filters\CInlineFilter.php(58): CController->filterAccessControl(Object(CFilterChain))
#12 C:\xampp\htdocs\emlinh\yii\framework\web\filters\CFilterChain.php(130): CInlineFilter->filter(Object(CFilterChain))
#13 C:\xampp\htdocs\emlinh\yii\framework\web\CController.php(291): CFilterChain->run()
#14 C:\xampp\htdocs\emlinh\yii\framework\web\CController.php(265): CController->runActionWithFilters(Object(CInlineAction), Array)
#15 C:\xampp\htdocs\emlinh\yii\framework\web\CWebApplication.php(282): CController->run('Update')
#16 C:\xampp\htdocs\emlinh\yii\framework\web\CWebApplication.php(141): CWebApplication->runController('adminManager/Up...')
#17 C:\xampp\htdocs\emlinh\yii\framework\base\CApplication.php(169): CWebApplication->processRequest()
#18 C:\xampp\htdocs\emlinh\index.php(13): CApplication->run()
#19 {main}
REQUEST_URI=/emlinh/index.php/adminManager/Update/1
HTTP_REFERER=http://localhost/emlinh/index.php/adminManager/Update/1
---
2013/06/30 12:33:05 [error] [exception.CException] exception 'CException' with message 'Property "Admin.title" is not defined.' in C:\xampp\htdocs\emlinh\yii\framework\base\CComponent.php:130
Stack trace:
#0 C:\xampp\htdocs\emlinh\yii\framework\db\ar\CActiveRecord.php(143): CComponent->__get('title')
#1 C:\xampp\htdocs\emlinh\protected\components\UserIdentity.php(48): CActiveRecord->__get('title')
#2 C:\xampp\htdocs\emlinh\protected\models\LoginForm.php(52): UserIdentity->authenticate()
#3 C:\xampp\htdocs\emlinh\yii\framework\validators\CInlineValidator.php(42): LoginForm->authenticate('password', Array)
#4 C:\xampp\htdocs\emlinh\yii\framework\validators\CValidator.php(213): CInlineValidator->validateAttribute(Object(LoginForm), 'password')
#5 C:\xampp\htdocs\emlinh\yii\framework\base\CModel.php(159): CValidator->validate(Object(LoginForm), NULL)
#6 C:\xampp\htdocs\emlinh\protected\controllers\AdminController.php(304): CModel->validate()
#7 C:\xampp\htdocs\emlinh\yii\framework\web\actions\CInlineAction.php(49): AdminController->actionLogin()
#8 C:\xampp\htdocs\emlinh\yii\framework\web\CController.php(308): CInlineAction->runWithParams(Array)
#9 C:\xampp\htdocs\emlinh\yii\framework\web\CController.php(286): CController->runAction(Object(CInlineAction))
#10 C:\xampp\htdocs\emlinh\yii\framework\web\CController.php(265): CController->runActionWithFilters(Object(CInlineAction), Array)
#11 C:\xampp\htdocs\emlinh\yii\framework\web\CWebApplication.php(282): CController->run('login')
#12 C:\xampp\htdocs\emlinh\yii\framework\web\CWebApplication.php(141): CWebApplication->runController('admin/login')
#13 C:\xampp\htdocs\emlinh\yii\framework\base\CApplication.php(169): CWebApplication->processRequest()
#14 C:\xampp\htdocs\emlinh\index.php(13): CApplication->run()
#15 {main}
REQUEST_URI=/emlinh/index.php/admin/login
HTTP_REFERER=http://localhost/emlinh/index.php/admin/login
---
2013/06/30 12:39:29 [error] [exception.CHttpException.404] exception 'CHttpException' with message 'Unable to resolve the request "login".' in C:\xampp\htdocs\emlinh\yii\framework\web\CWebApplication.php:286
Stack trace:
#0 C:\xampp\htdocs\emlinh\yii\framework\web\CWebApplication.php(141): CWebApplication->runController('login')
#1 C:\xampp\htdocs\emlinh\yii\framework\base\CApplication.php(169): CWebApplication->processRequest()
#2 C:\xampp\htdocs\emlinh\index.php(13): CApplication->run()
#3 {main}
REQUEST_URI=/emlinh/index.php/login
---
2013/06/30 12:40:07 [error] [exception.CHttpException.404] exception 'CHttpException' with message 'The system is unable to find the requested action "login".' in C:\xampp\htdocs\emlinh\yii\framework\web\CController.php:483
Stack trace:
#0 C:\xampp\htdocs\emlinh\yii\framework\web\CController.php(270): CController->missingAction('login')
#1 C:\xampp\htdocs\emlinh\yii\framework\web\CWebApplication.php(282): CController->run('login')
#2 C:\xampp\htdocs\emlinh\yii\framework\web\CWebApplication.php(141): CWebApplication->runController('site/login')
#3 C:\xampp\htdocs\emlinh\yii\framework\base\CApplication.php(169): CWebApplication->processRequest()
#4 C:\xampp\htdocs\emlinh\index.php(13): CApplication->run()
#5 {main}
REQUEST_URI=/emlinh/index.php/site/login
HTTP_REFERER=http://localhost/emlinh/index.php/admin/InformationUpdate
---
2013/06/30 13:09:08 [error] [exception.CHttpException.404] exception 'CHttpException' with message 'Unable to resolve the request "admi".' in C:\xampp\htdocs\emlinh\yii\framework\web\CWebApplication.php:286
Stack trace:
#0 C:\xampp\htdocs\emlinh\yii\framework\web\CWebApplication.php(141): CWebApplication->runController('admi')
#1 C:\xampp\htdocs\emlinh\yii\framework\base\CApplication.php(169): CWebApplication->processRequest()
#2 C:\xampp\htdocs\emlinh\index.php(13): CApplication->run()
#3 {main}
REQUEST_URI=/emlinh/index.php/admi
---
2013/06/30 13:39:34 [error] [exception.CHttpException.404] exception 'CHttpException' with message 'The system is unable to find the requested action "login".' in C:\xampp\htdocs\emlinh\yii\framework\web\CController.php:483
Stack trace:
#0 C:\xampp\htdocs\emlinh\yii\framework\web\CController.php(270): CController->missingAction('login')
#1 C:\xampp\htdocs\emlinh\yii\framework\web\CWebApplication.php(282): CController->run('login')
#2 C:\xampp\htdocs\emlinh\yii\framework\web\CWebApplication.php(141): CWebApplication->runController('site/login')
#3 C:\xampp\htdocs\emlinh\yii\framework\base\CApplication.php(169): CWebApplication->processRequest()
#4 C:\xampp\htdocs\emlinh\index.php(13): CApplication->run()
#5 {main}
REQUEST_URI=/emlinh/index.php/site/login
HTTP_REFERER=http://localhost/emlinh/index.php/admin/InformationUpdate
---
2013/06/30 13:39:34 [error] [system.db.CDbCommand] CDbCommand::fetchAll() failed: SQLSTATE[42000]: Syntax error or access violation: 1064 You have an error in your SQL syntax; check the manual that corresponds to your MySQL server version for the right syntax to use near 'ORDER BY Date LIMIT 3' at line 1. The SQL statement executed was: SELECT * FROM `Product` `t` WHERE locationID =  ORDER BY Date LIMIT 3.
in C:\xampp\htdocs\emlinh\protected\models\Product.php (30)
in C:\xampp\htdocs\emlinh\protected\controllers\SiteController.php (148)
in C:\xampp\htdocs\emlinh\protected\controllers\SiteController.php (36)
2013/06/30 13:46:26 [error] [exception.CHttpException.404] exception 'CHttpException' with message 'The system is unable to find the requested action "login".' in C:\xampp\htdocs\emlinh\yii\framework\web\CController.php:483
Stack trace:
#0 C:\xampp\htdocs\emlinh\yii\framework\web\CController.php(270): CController->missingAction('login')
#1 C:\xampp\htdocs\emlinh\yii\framework\web\CWebApplication.php(282): CController->run('login')
#2 C:\xampp\htdocs\emlinh\yii\framework\web\CWebApplication.php(141): CWebApplication->runController('site/login')
#3 C:\xampp\htdocs\emlinh\yii\framework\base\CApplication.php(169): CWebApplication->processRequest()
#4 C:\xampp\htdocs\emlinh\index.php(13): CApplication->run()
#5 {main}
REQUEST_URI=/emlinh/index.php/site/login
HTTP_REFERER=http://localhost/emlinh/index.php/admin/uploadFile?return=%7B%22error%22%3A%22No+files+were+uploaded.%22%7D
---
2013/06/30 13:46:26 [error] [system.db.CDbCommand] CDbCommand::fetchAll() failed: SQLSTATE[42000]: Syntax error or access violation: 1064 You have an error in your SQL syntax; check the manual that corresponds to your MySQL server version for the right syntax to use near 'ORDER BY Date LIMIT 3' at line 1. The SQL statement executed was: SELECT * FROM `Product` `t` WHERE locationID =  ORDER BY Date LIMIT 3.
in C:\xampp\htdocs\emlinh\protected\models\Product.php (30)
in C:\xampp\htdocs\emlinh\protected\controllers\SiteController.php (148)
in C:\xampp\htdocs\emlinh\protected\controllers\SiteController.php (36)
2013/06/30 13:51:23 [error] [exception.CHttpException.404] exception 'CHttpException' with message 'The system is unable to find the requested action "login".' in C:\xampp\htdocs\emlinh\yii\framework\web\CController.php:483
Stack trace:
#0 C:\xampp\htdocs\emlinh\yii\framework\web\CController.php(270): CController->missingAction('login')
#1 C:\xampp\htdocs\emlinh\yii\framework\web\CWebApplication.php(282): CController->run('login')
#2 C:\xampp\htdocs\emlinh\yii\framework\web\CWebApplication.php(141): CWebApplication->runController('site/login')
#3 C:\xampp\htdocs\emlinh\yii\framework\base\CApplication.php(169): CWebApplication->processRequest()
#4 C:\xampp\htdocs\emlinh\index.php(13): CApplication->run()
#5 {main}
REQUEST_URI=/emlinh/index.php/site/login
HTTP_REFERER=http://localhost/emlinh/index.php/admin/InformationUpdate
---
2013/06/30 13:51:23 [error] [system.db.CDbCommand] CDbCommand::fetchAll() failed: SQLSTATE[42000]: Syntax error or access violation: 1064 You have an error in your SQL syntax; check the manual that corresponds to your MySQL server version for the right syntax to use near 'ORDER BY Date LIMIT 3' at line 1. The SQL statement executed was: SELECT * FROM `Product` `t` WHERE locationID =  ORDER BY Date LIMIT 3.
in C:\xampp\htdocs\emlinh\protected\models\Product.php (30)
in C:\xampp\htdocs\emlinh\protected\controllers\SiteController.php (148)
in C:\xampp\htdocs\emlinh\protected\controllers\SiteController.php (36)
2013/06/30 14:01:21 [error] [exception.CHttpException.400] exception 'CHttpException' with message 'Your request is invalid.' in C:\xampp\htdocs\emlinh\yii\framework\web\CController.php:336
Stack trace:
#0 C:\xampp\htdocs\emlinh\yii\framework\web\CController.php(309): CController->invalidActionParams(Object(CInlineAction))
#1 C:\xampp\htdocs\emlinh\yii\framework\web\CController.php(286): CController->runAction(Object(CInlineAction))
#2 C:\xampp\htdocs\emlinh\yii\framework\web\CController.php(265): CController->runActionWithFilters(Object(CInlineAction), Array)
#3 C:\xampp\htdocs\emlinh\yii\framework\web\CWebApplication.php(282): CController->run('ProductView')
#4 C:\xampp\htdocs\emlinh\yii\framework\web\CWebApplication.php(141): CWebApplication->runController('admin/ProductVi...')
#5 C:\xampp\htdocs\emlinh\yii\framework\base\CApplication.php(169): CWebApplication->processRequest()
#6 C:\xampp\htdocs\emlinh\index.php(13): CApplication->run()
#7 {main}
REQUEST_URI=/emlinh/index.php/admin/ProductView/
---
2013/06/30 14:01:21 [error] [system.db.CDbCommand] CDbCommand::fetchAll() failed: SQLSTATE[42000]: Syntax error or access violation: 1064 You have an error in your SQL syntax; check the manual that corresponds to your MySQL server version for the right syntax to use near 'ORDER BY Date LIMIT 3' at line 1. The SQL statement executed was: SELECT * FROM `Product` `t` WHERE locationID =  ORDER BY Date LIMIT 3.
in C:\xampp\htdocs\emlinh\protected\models\Product.php (30)
in C:\xampp\htdocs\emlinh\protected\controllers\SiteController.php (148)
in C:\xampp\htdocs\emlinh\protected\controllers\SiteController.php (36)
2013/06/30 14:02:18 [error] [exception.CHttpException.404] exception 'CHttpException' with message 'Unable to resolve the request "ProductCreate".' in C:\xampp\htdocs\emlinh\yii\framework\web\CWebApplication.php:286
Stack trace:
#0 C:\xampp\htdocs\emlinh\yii\framework\web\CWebApplication.php(141): CWebApplication->runController('ProductCreate')
#1 C:\xampp\htdocs\emlinh\yii\framework\base\CApplication.php(169): CWebApplication->processRequest()
#2 C:\xampp\htdocs\emlinh\index.php(13): CApplication->run()
#3 {main}
REQUEST_URI=/emlinh/index.php/ProductCreate
---
2013/06/30 14:02:18 [error] [system.db.CDbCommand] CDbCommand::fetchAll() failed: SQLSTATE[42000]: Syntax error or access violation: 1064 You have an error in your SQL syntax; check the manual that corresponds to your MySQL server version for the right syntax to use near 'ORDER BY Date LIMIT 3' at line 1. The SQL statement executed was: SELECT * FROM `Product` `t` WHERE locationID =  ORDER BY Date LIMIT 3.
in C:\xampp\htdocs\emlinh\protected\models\Product.php (30)
in C:\xampp\htdocs\emlinh\protected\controllers\SiteController.php (148)
in C:\xampp\htdocs\emlinh\protected\controllers\SiteController.php (36)
2013/06/30 14:02:31 [error] [exception.CHttpException.404] exception 'CHttpException' with message 'Unable to resolve the request "ProductCreate".' in C:\xampp\htdocs\emlinh\yii\framework\web\CWebApplication.php:286
Stack trace:
#0 C:\xampp\htdocs\emlinh\yii\framework\web\CWebApplication.php(141): CWebApplication->runController('ProductCreate')
#1 C:\xampp\htdocs\emlinh\yii\framework\base\CApplication.php(169): CWebApplication->processRequest()
#2 C:\xampp\htdocs\emlinh\index.php(13): CApplication->run()
#3 {main}
REQUEST_URI=/emlinh/index.php/ProductCreate
---
2013/06/30 14:02:31 [error] [system.db.CDbCommand] CDbCommand::fetchAll() failed: SQLSTATE[42000]: Syntax error or access violation: 1064 You have an error in your SQL syntax; check the manual that corresponds to your MySQL server version for the right syntax to use near 'ORDER BY Date LIMIT 3' at line 1. The SQL statement executed was: SELECT * FROM `Product` `t` WHERE locationID =  ORDER BY Date LIMIT 3.
in C:\xampp\htdocs\emlinh\protected\models\Product.php (30)
in C:\xampp\htdocs\emlinh\protected\controllers\SiteController.php (148)
in C:\xampp\htdocs\emlinh\protected\controllers\SiteController.php (36)
2013/06/30 14:05:59 [error] [exception.CHttpException.404] exception 'CHttpException' with message 'The system is unable to find the requested action "login".' in C:\xampp\htdocs\emlinh\yii\framework\web\CController.php:483
Stack trace:
#0 C:\xampp\htdocs\emlinh\yii\framework\web\CController.php(270): CController->missingAction('login')
#1 C:\xampp\htdocs\emlinh\yii\framework\web\CWebApplication.php(282): CController->run('login')
#2 C:\xampp\htdocs\emlinh\yii\framework\web\CWebApplication.php(141): CWebApplication->runController('site/login')
#3 C:\xampp\htdocs\emlinh\yii\framework\base\CApplication.php(169): CWebApplication->processRequest()
#4 C:\xampp\htdocs\emlinh\index.php(13): CApplication->run()
#5 {main}
REQUEST_URI=/emlinh/index.php/site/login
HTTP_REFERER=http://localhost/emlinh/index.php/admin/uploadFile?return=%7B%22error%22%3A%22No+files+were+uploaded.%22%7D
---
2013/06/30 14:05:59 [error] [system.db.CDbCommand] CDbCommand::fetchAll() failed: SQLSTATE[42000]: Syntax error or access violation: 1064 You have an error in your SQL syntax; check the manual that corresponds to your MySQL server version for the right syntax to use near 'ORDER BY Date LIMIT 3' at line 1. The SQL statement executed was: SELECT * FROM `Product` `t` WHERE locationID =  ORDER BY Date LIMIT 3.
in C:\xampp\htdocs\emlinh\protected\models\Product.php (30)
in C:\xampp\htdocs\emlinh\protected\controllers\SiteController.php (148)
in C:\xampp\htdocs\emlinh\protected\controllers\SiteController.php (36)
2013/06/30 14:11:46 [error] [exception.CHttpException.404] exception 'CHttpException' with message 'The system is unable to find the requested action "login".' in C:\xampp\htdocs\emlinh\yii\framework\web\CController.php:483
Stack trace:
#0 C:\xampp\htdocs\emlinh\yii\framework\web\CController.php(270): CController->missingAction('login')
#1 C:\xampp\htdocs\emlinh\yii\framework\web\CWebApplication.php(282): CController->run('login')
#2 C:\xampp\htdocs\emlinh\yii\framework\web\CWebApplication.php(141): CWebApplication->runController('site/login')
#3 C:\xampp\htdocs\emlinh\yii\framework\base\CApplication.php(169): CWebApplication->processRequest()
#4 C:\xampp\htdocs\emlinh\index.php(13): CApplication->run()
#5 {main}
REQUEST_URI=/emlinh/index.php/site/login
HTTP_REFERER=http://localhost/emlinh/index.php/admin/InformationUpdate
---
2013/06/30 14:11:46 [error] [system.db.CDbCommand] CDbCommand::fetchAll() failed: SQLSTATE[42000]: Syntax error or access violation: 1064 You have an error in your SQL syntax; check the manual that corresponds to your MySQL server version for the right syntax to use near 'ORDER BY Date LIMIT 3' at line 1. The SQL statement executed was: SELECT * FROM `Product` `t` WHERE locationID =  ORDER BY Date LIMIT 3.
in C:\xampp\htdocs\emlinh\protected\models\Product.php (30)
in C:\xampp\htdocs\emlinh\protected\controllers\SiteController.php (148)
in C:\xampp\htdocs\emlinh\protected\controllers\SiteController.php (36)
2013/06/30 14:11:51 [error] [exception.CHttpException.404] exception 'CHttpException' with message 'The system is unable to find the requested action "login".' in C:\xampp\htdocs\emlinh\yii\framework\web\CController.php:483
Stack trace:
#0 C:\xampp\htdocs\emlinh\yii\framework\web\CController.php(270): CController->missingAction('login')
#1 C:\xampp\htdocs\emlinh\yii\framework\web\CWebApplication.php(282): CController->run('login')
#2 C:\xampp\htdocs\emlinh\yii\framework\web\CWebApplication.php(141): CWebApplication->runController('site/login')
#3 C:\xampp\htdocs\emlinh\yii\framework\base\CApplication.php(169): CWebApplication->processRequest()
#4 C:\xampp\htdocs\emlinh\index.php(13): CApplication->run()
#5 {main}
REQUEST_URI=/emlinh/index.php/site/login
---
2013/06/30 14:11:51 [error] [system.db.CDbCommand] CDbCommand::fetchAll() failed: SQLSTATE[42000]: Syntax error or access violation: 1064 You have an error in your SQL syntax; check the manual that corresponds to your MySQL server version for the right syntax to use near 'ORDER BY Date LIMIT 3' at line 1. The SQL statement executed was: SELECT * FROM `Product` `t` WHERE locationID =  ORDER BY Date LIMIT 3.
in C:\xampp\htdocs\emlinh\protected\models\Product.php (30)
in C:\xampp\htdocs\emlinh\protected\controllers\SiteController.php (148)
in C:\xampp\htdocs\emlinh\protected\controllers\SiteController.php (36)
2013/06/30 14:12:35 [error] [exception.CHttpException.404] exception 'CHttpException' with message 'The system is unable to find the requested action "login".' in C:\xampp\htdocs\emlinh\yii\framework\web\CController.php:483
Stack trace:
#0 C:\xampp\htdocs\emlinh\yii\framework\web\CController.php(270): CController->missingAction('login')
#1 C:\xampp\htdocs\emlinh\yii\framework\web\CWebApplication.php(282): CController->run('login')
#2 C:\xampp\htdocs\emlinh\yii\framework\web\CWebApplication.php(141): CWebApplication->runController('site/login')
#3 C:\xampp\htdocs\emlinh\yii\framework\base\CApplication.php(169): CWebApplication->processRequest()
#4 C:\xampp\htdocs\emlinh\index.php(13): CApplication->run()
#5 {main}
REQUEST_URI=/emlinh/index.php/site/login
HTTP_REFERER=http://localhost/emlinh/index.php/admin/ProductIndex
---
2013/06/30 14:12:35 [error] [system.db.CDbCommand] CDbCommand::fetchAll() failed: SQLSTATE[42000]: Syntax error or access violation: 1064 You have an error in your SQL syntax; check the manual that corresponds to your MySQL server version for the right syntax to use near 'ORDER BY Date LIMIT 3' at line 1. The SQL statement executed was: SELECT * FROM `Product` `t` WHERE locationID =  ORDER BY Date LIMIT 3.
in C:\xampp\htdocs\emlinh\protected\models\Product.php (30)
in C:\xampp\htdocs\emlinh\protected\controllers\SiteController.php (148)
in C:\xampp\htdocs\emlinh\protected\controllers\SiteController.php (36)
