2013/06/13 02:44:33 [error] [exception.CException] exception 'CException' with message 'CAssetManager.basePath "/Applications/MAMP/htdocs/emlinh/garmentviet/assets" is invalid. Please make sure the directory exists and is writable by the Web server process.' in /Applications/MAMP/htdocs/emlinh/yii/framework/web/CAssetManager.php:138
Stack trace:
#0 /Applications/MAMP/htdocs/emlinh/yii/framework/web/CAssetManager.php(123): CAssetManager->setBasePath('/Applications/M...')
#1 /Applications/MAMP/htdocs/emlinh/yii/framework/web/CAssetManager.php(217): CAssetManager->getBasePath()
#2 /Applications/MAMP/htdocs/emlinh/yii/framework/web/CClientScript.php(462): CAssetManager->publish('/Applications/M...')
#3 /Applications/MAMP/htdocs/emlinh/yii/framework/web/CClientScript.php(499): CClientScript->getCoreScriptUrl()
#4 /Applications/MAMP/htdocs/emlinh/yii/framework/web/CClientScript.php(315): CClientScript->getPackageBaseUrl('jquery')
#5 /Applications/MAMP/htdocs/emlinh/yii/framework/web/CClientScript.php(208): CClientScript->renderCoreScripts()
#6 /Applications/MAMP/htdocs/emlinh/yii/framework/web/CController.php(351): CClientScript->render('<!DOCTYPE html ...')
#7 /Applications/MAMP/htdocs/emlinh/yii/framework/web/CController.php(788): CController->processOutput('<!DOCTYPE html ...')
#8 /Applications/MAMP/htdocs/emlinh/garmentviet/protected/controllers/SiteController.php(72): CController->render('contact', Array)
#9 /Applications/MAMP/htdocs/emlinh/yii/framework/web/actions/CInlineAction.php(49): SiteController->actionContact()
#10 /Applications/MAMP/htdocs/emlinh/yii/framework/web/CController.php(308): CInlineAction->runWithParams(Array)
#11 /Applications/MAMP/htdocs/emlinh/yii/framework/web/CController.php(286): CController->runAction(Object(CInlineAction))
#12 /Applications/MAMP/htdocs/emlinh/yii/framework/web/CController.php(265): CController->runActionWithFilters(Object(CInlineAction), Array)
#13 /Applications/MAMP/htdocs/emlinh/yii/framework/web/CWebApplication.php(282): CController->run('contact')
#14 /Applications/MAMP/htdocs/emlinh/yii/framework/web/CWebApplication.php(141): CWebApplication->runController('site/contact')
#15 /Applications/MAMP/htdocs/emlinh/yii/framework/base/CApplication.php(169): CWebApplication->processRequest()
#16 /Applications/MAMP/htdocs/emlinh/garmentviet/index.php(13): CApplication->run()
#17 {main}
REQUEST_URI=/emlinh/garmentviet/index.php?r=site/contact
HTTP_REFERER=http://localhost:8888/emlinh/garmentviet/index.php?r=site/page&view=about
---
2013/06/13 11:45:59 [error] [exception.CDbException] exception 'CDbException' with message 'CDbConnection failed to open the DB connection: SQLSTATE[42000] [1049] Unknown database 'testdrive'' in /Applications/MAMP/htdocs/emlinh/yii/framework/db/CDbConnection.php:381
Stack trace:
#0 /Applications/MAMP/htdocs/emlinh/yii/framework/db/CDbConnection.php(330): CDbConnection->open()
#1 /Applications/MAMP/htdocs/emlinh/yii/framework/db/CDbConnection.php(308): CDbConnection->setActive(true)
#2 /Applications/MAMP/htdocs/emlinh/yii/framework/base/CModule.php(387): CDbConnection->init()
#3 /Applications/MAMP/htdocs/emlinh/yii/framework/base/CModule.php(103): CModule->getComponent('db')
#4 /Applications/MAMP/htdocs/emlinh/yii/framework/gii/generators/model/ModelCode.php(57): CModule->__get('db')
#5 /Applications/MAMP/htdocs/emlinh/yii/framework/web/CFormModel.php(39): ModelCode->init()
#6 /Applications/MAMP/htdocs/emlinh/yii/framework/gii/CCodeGenerator.php(153): CFormModel->__construct()
#7 /Applications/MAMP/htdocs/emlinh/yii/framework/gii/CCodeGenerator.php(63): CCodeGenerator->prepare()
#8 /Applications/MAMP/htdocs/emlinh/yii/framework/web/actions/CInlineAction.php(49): CCodeGenerator->actionIndex()
#9 /Applications/MAMP/htdocs/emlinh/yii/framework/web/CController.php(308): CInlineAction->runWithParams(Array)
#10 /Applications/MAMP/htdocs/emlinh/yii/framework/web/CController.php(286): CController->runAction(Object(CInlineAction))
#11 /Applications/MAMP/htdocs/emlinh/yii/framework/web/CController.php(265): CController->runActionWithFilters(Object(CInlineAction), Array)
#12 /Applications/MAMP/htdocs/emlinh/yii/framework/web/CWebApplication.php(282): CController->run('')
#13 /Applications/MAMP/htdocs/emlinh/yii/framework/web/CWebApplication.php(141): CWebApplication->runController('gii/model')
#14 /Applications/MAMP/htdocs/emlinh/yii/framework/base/CApplication.php(169): CWebApplication->processRequest()
#15 /Applications/MAMP/htdocs/emlinh/garmentviet/index.php(13): CApplication->run()
#16 {main}
REQUEST_URI=/emlinh/garmentviet/index.php?r=gii/model
HTTP_REFERER=http://localhost:8888/emlinh/garmentviet/index.php?r=gii/default/index
---
2013/06/13 12:03:04 [error] [php] Object of class Location could not be converted to string (/Applications/MAMP/htdocs/emlinh/yii/framework/web/helpers/CHtml.php:2071)
Stack trace:
#0 /Applications/MAMP/htdocs/emlinh/yii/framework/web/CBaseController.php(126): require()
#1 /Applications/MAMP/htdocs/emlinh/yii/framework/web/CBaseController.php(95): LocationController->renderInternal()
#2 /Applications/MAMP/htdocs/emlinh/yii/framework/web/CController.php(869): LocationController->renderFile()
#3 /Applications/MAMP/htdocs/emlinh/yii/framework/web/CController.php(782): LocationController->renderPartial()
#4 /Applications/MAMP/htdocs/emlinh/garmentviet/protected/controllers/LocationController.php(10): LocationController->render()
#5 /Applications/MAMP/htdocs/emlinh/yii/framework/web/actions/CInlineAction.php(49): LocationController->actionIndex()
#6 /Applications/MAMP/htdocs/emlinh/yii/framework/web/CController.php(308): CInlineAction->runWithParams()
#7 /Applications/MAMP/htdocs/emlinh/yii/framework/web/CController.php(286): LocationController->runAction()
#8 /Applications/MAMP/htdocs/emlinh/yii/framework/web/CController.php(265): LocationController->runActionWithFilters()
#9 /Applications/MAMP/htdocs/emlinh/yii/framework/web/CWebApplication.php(282): LocationController->run()
#10 /Applications/MAMP/htdocs/emlinh/yii/framework/web/CWebApplication.php(141): CWebApplication->runController()
#11 /Applications/MAMP/htdocs/emlinh/yii/framework/base/CApplication.php(169): CWebApplication->processRequest()
#12 /Applications/MAMP/htdocs/emlinh/garmentviet/index.php(13): CWebApplication->run()
REQUEST_URI=/emlinh/garmentviet/index.php?r=location
in /Applications/MAMP/htdocs/emlinh/garmentviet/protected/views/location/index.php (6)
in /Applications/MAMP/htdocs/emlinh/garmentviet/protected/controllers/LocationController.php (10)
in /Applications/MAMP/htdocs/emlinh/garmentviet/index.php (13)
2013/06/13 12:28:34 [error] [php] Non-static method CActiveForm::dropDownList() should not be called statically, assuming $this from incompatible context (/Applications/MAMP/htdocs/emlinh/garmentviet/protected/views/location/index.php:10)
Stack trace:
#0 /Applications/MAMP/htdocs/emlinh/yii/framework/web/CController.php(869): LocationController->renderFile()
#1 /Applications/MAMP/htdocs/emlinh/yii/framework/web/CController.php(782): LocationController->renderPartial()
#2 /Applications/MAMP/htdocs/emlinh/garmentviet/protected/controllers/LocationController.php(16): LocationController->render()
#3 unknown(0): LocationController->actionIndex()
#4 /Applications/MAMP/htdocs/emlinh/yii/framework/web/actions/CAction.php(108): ReflectionMethod->invokeArgs()
#5 /Applications/MAMP/htdocs/emlinh/yii/framework/web/actions/CInlineAction.php(47): CInlineAction->runWithParamsInternal()
#6 /Applications/MAMP/htdocs/emlinh/yii/framework/web/CController.php(308): CInlineAction->runWithParams()
#7 /Applications/MAMP/htdocs/emlinh/yii/framework/web/CController.php(286): LocationController->runAction()
#8 /Applications/MAMP/htdocs/emlinh/yii/framework/web/CController.php(265): LocationController->runActionWithFilters()
#9 /Applications/MAMP/htdocs/emlinh/yii/framework/web/CWebApplication.php(282): LocationController->run()
#10 /Applications/MAMP/htdocs/emlinh/yii/framework/web/CWebApplication.php(141): CWebApplication->runController()
#11 /Applications/MAMP/htdocs/emlinh/yii/framework/base/CApplication.php(169): CWebApplication->processRequest()
#12 /Applications/MAMP/htdocs/emlinh/garmentviet/index.php(13): CWebApplication->run()
REQUEST_URI=/emlinh/garmentviet/index.php/location
in /Applications/MAMP/htdocs/emlinh/garmentviet/protected/views/location/index.php (10)
in /Applications/MAMP/htdocs/emlinh/garmentviet/protected/controllers/LocationController.php (16)
in /Applications/MAMP/htdocs/emlinh/garmentviet/index.php (13)
2013/06/13 12:28:55 [error] [php] get_class() expects parameter 1 to be object, string given (/Applications/MAMP/htdocs/emlinh/yii/framework/web/helpers/CHtml.php:2220)
Stack trace:
#0 /Applications/MAMP/htdocs/emlinh/yii/framework/web/helpers/CHtml.php(1564): resolveNameID()
#1 /Applications/MAMP/htdocs/emlinh/yii/framework/web/widgets/CActiveForm.php(763): activeDropDownList()
#2 /Applications/MAMP/htdocs/emlinh/garmentviet/protected/views/location/index.php(10): CActiveForm->dropDownList()
#3 /Applications/MAMP/htdocs/emlinh/yii/framework/web/CBaseController.php(126): require()
#4 /Applications/MAMP/htdocs/emlinh/yii/framework/web/CBaseController.php(95): LocationController->renderInternal()
#5 /Applications/MAMP/htdocs/emlinh/yii/framework/web/CController.php(869): LocationController->renderFile()
#6 /Applications/MAMP/htdocs/emlinh/yii/framework/web/CController.php(782): LocationController->renderPartial()
#7 /Applications/MAMP/htdocs/emlinh/garmentviet/protected/controllers/LocationController.php(16): LocationController->render()
#8 unknown(0): LocationController->actionIndex()
#9 /Applications/MAMP/htdocs/emlinh/yii/framework/web/actions/CAction.php(108): ReflectionMethod->invokeArgs()
#10 /Applications/MAMP/htdocs/emlinh/yii/framework/web/actions/CInlineAction.php(47): CInlineAction->runWithParamsInternal()
#11 /Applications/MAMP/htdocs/emlinh/yii/framework/web/CController.php(308): CInlineAction->runWithParams()
#12 /Applications/MAMP/htdocs/emlinh/yii/framework/web/CController.php(286): LocationController->runAction()
#13 /Applications/MAMP/htdocs/emlinh/yii/framework/web/CController.php(265): LocationController->runActionWithFilters()
#14 /Applications/MAMP/htdocs/emlinh/yii/framework/web/CWebApplication.php(282): LocationController->run()
#15 /Applications/MAMP/htdocs/emlinh/yii/framework/web/CWebApplication.php(141): CWebApplication->runController()
#16 /Applications/MAMP/htdocs/emlinh/yii/framework/base/CApplication.php(169): CWebApplication->processRequest()
#17 /Applications/MAMP/htdocs/emlinh/garmentviet/index.php(13): CWebApplication->run()
REQUEST_URI=/emlinh/garmentviet/index.php/location
in /Applications/MAMP/htdocs/emlinh/garmentviet/protected/views/location/index.php (10)
in /Applications/MAMP/htdocs/emlinh/garmentviet/protected/controllers/LocationController.php (16)
in /Applications/MAMP/htdocs/emlinh/garmentviet/index.php (13)
2013/06/13 12:29:21 [error] [php] get_class() expects parameter 1 to be object, string given (/Applications/MAMP/htdocs/emlinh/yii/framework/web/helpers/CHtml.php:2220)
Stack trace:
#0 /Applications/MAMP/htdocs/emlinh/yii/framework/web/helpers/CHtml.php(1564): resolveNameID()
#1 /Applications/MAMP/htdocs/emlinh/yii/framework/web/widgets/CActiveForm.php(763): activeDropDownList()
#2 /Applications/MAMP/htdocs/emlinh/garmentviet/protected/views/location/index.php(11): CActiveForm->dropDownList()
#3 /Applications/MAMP/htdocs/emlinh/yii/framework/web/CBaseController.php(126): require()
#4 /Applications/MAMP/htdocs/emlinh/yii/framework/web/CBaseController.php(95): LocationController->renderInternal()
#5 /Applications/MAMP/htdocs/emlinh/yii/framework/web/CController.php(869): LocationController->renderFile()
#6 /Applications/MAMP/htdocs/emlinh/yii/framework/web/CController.php(782): LocationController->renderPartial()
#7 /Applications/MAMP/htdocs/emlinh/garmentviet/protected/controllers/LocationController.php(16): LocationController->render()
#8 unknown(0): LocationController->actionIndex()
#9 /Applications/MAMP/htdocs/emlinh/yii/framework/web/actions/CAction.php(108): ReflectionMethod->invokeArgs()
#10 /Applications/MAMP/htdocs/emlinh/yii/framework/web/actions/CInlineAction.php(47): CInlineAction->runWithParamsInternal()
#11 /Applications/MAMP/htdocs/emlinh/yii/framework/web/CController.php(308): CInlineAction->runWithParams()
#12 /Applications/MAMP/htdocs/emlinh/yii/framework/web/CController.php(286): LocationController->runAction()
#13 /Applications/MAMP/htdocs/emlinh/yii/framework/web/CController.php(265): LocationController->runActionWithFilters()
#14 /Applications/MAMP/htdocs/emlinh/yii/framework/web/CWebApplication.php(282): LocationController->run()
#15 /Applications/MAMP/htdocs/emlinh/yii/framework/web/CWebApplication.php(141): CWebApplication->runController()
#16 /Applications/MAMP/htdocs/emlinh/yii/framework/base/CApplication.php(169): CWebApplication->processRequest()
#17 /Applications/MAMP/htdocs/emlinh/garmentviet/index.php(13): CWebApplication->run()
REQUEST_URI=/emlinh/garmentviet/index.php/location
in /Applications/MAMP/htdocs/emlinh/garmentviet/protected/views/location/index.php (11)
in /Applications/MAMP/htdocs/emlinh/garmentviet/protected/controllers/LocationController.php (16)
in /Applications/MAMP/htdocs/emlinh/garmentviet/index.php (13)
2013/06/13 12:37:37 [error] [exception.CHttpException.404] exception 'CHttpException' with message 'Unable to resolve the request "clickGo".' in /Applications/MAMP/htdocs/emlinh/yii/framework/web/CWebApplication.php:286
Stack trace:
#0 /Applications/MAMP/htdocs/emlinh/yii/framework/web/CWebApplication.php(141): CWebApplication->runController('clickGo')
#1 /Applications/MAMP/htdocs/emlinh/yii/framework/base/CApplication.php(169): CWebApplication->processRequest()
#2 /Applications/MAMP/htdocs/emlinh/garmentviet/index.php(13): CApplication->run()
#3 {main}
REQUEST_URI=/emlinh/garmentviet/index.php/clickGo
HTTP_REFERER=http://localhost:8888/emlinh/garmentviet/index.php/location
---
2013/06/13 12:37:38 [error] [exception.CHttpException.404] exception 'CHttpException' with message 'Unable to resolve the request "clickGo".' in /Applications/MAMP/htdocs/emlinh/yii/framework/web/CWebApplication.php:286
Stack trace:
#0 /Applications/MAMP/htdocs/emlinh/yii/framework/web/CWebApplication.php(141): CWebApplication->runController('clickGo')
#1 /Applications/MAMP/htdocs/emlinh/yii/framework/base/CApplication.php(169): CWebApplication->processRequest()
#2 /Applications/MAMP/htdocs/emlinh/garmentviet/index.php(13): CApplication->run()
#3 {main}
REQUEST_URI=/emlinh/garmentviet/index.php/clickGo
HTTP_REFERER=http://localhost:8888/emlinh/garmentviet/index.php/location
---
2013/06/13 12:37:41 [error] [exception.CHttpException.404] exception 'CHttpException' with message 'Unable to resolve the request "clickGo".' in /Applications/MAMP/htdocs/emlinh/yii/framework/web/CWebApplication.php:286
Stack trace:
#0 /Applications/MAMP/htdocs/emlinh/yii/framework/web/CWebApplication.php(141): CWebApplication->runController('clickGo')
#1 /Applications/MAMP/htdocs/emlinh/yii/framework/base/CApplication.php(169): CWebApplication->processRequest()
#2 /Applications/MAMP/htdocs/emlinh/garmentviet/index.php(13): CApplication->run()
#3 {main}
REQUEST_URI=/emlinh/garmentviet/index.php/clickGo
HTTP_REFERER=http://localhost:8888/emlinh/garmentviet/index.php/location
---
2013/06/13 12:38:21 [error] [exception.CHttpException.404] exception 'CHttpException' with message 'Unable to resolve the request "clickGo".' in /Applications/MAMP/htdocs/emlinh/yii/framework/web/CWebApplication.php:286
Stack trace:
#0 /Applications/MAMP/htdocs/emlinh/yii/framework/web/CWebApplication.php(141): CWebApplication->runController('clickGo')
#1 /Applications/MAMP/htdocs/emlinh/yii/framework/base/CApplication.php(169): CWebApplication->processRequest()
#2 /Applications/MAMP/htdocs/emlinh/garmentviet/index.php(13): CApplication->run()
#3 {main}
REQUEST_URI=/emlinh/garmentviet/index.php/clickGo
HTTP_REFERER=http://localhost:8888/emlinh/garmentviet/index.php/location
---
2013/06/13 12:38:21 [error] [exception.CHttpException.404] exception 'CHttpException' with message 'Unable to resolve the request "clickGo".' in /Applications/MAMP/htdocs/emlinh/yii/framework/web/CWebApplication.php:286
Stack trace:
#0 /Applications/MAMP/htdocs/emlinh/yii/framework/web/CWebApplication.php(141): CWebApplication->runController('clickGo')
#1 /Applications/MAMP/htdocs/emlinh/yii/framework/base/CApplication.php(169): CWebApplication->processRequest()
#2 /Applications/MAMP/htdocs/emlinh/garmentviet/index.php(13): CApplication->run()
#3 {main}
REQUEST_URI=/emlinh/garmentviet/index.php/clickGo
HTTP_REFERER=http://localhost:8888/emlinh/garmentviet/index.php/location
---
2013/06/13 12:44:26 [error] [exception.CHttpException.404] exception 'CHttpException' with message 'Unable to resolve the request "clickGo".' in /Applications/MAMP/htdocs/emlinh/yii/framework/web/CWebApplication.php:286
Stack trace:
#0 /Applications/MAMP/htdocs/emlinh/yii/framework/web/CWebApplication.php(141): CWebApplication->runController('clickGo')
#1 /Applications/MAMP/htdocs/emlinh/yii/framework/base/CApplication.php(169): CWebApplication->processRequest()
#2 /Applications/MAMP/htdocs/emlinh/garmentviet/index.php(13): CApplication->run()
#3 {main}
REQUEST_URI=/emlinh/garmentviet/index.php/clickGo
HTTP_REFERER=http://localhost:8888/emlinh/garmentviet/index.php/location
---
<<<<<<< HEAD
2013/06/13 11:49:01 [error] [exception.CDbException] exception 'CDbException' with message 'CDbConnection failed to open the DB connection: SQLSTATE[28000] [1045] Access denied for user 'root'@'localhost' (using password: YES)' in C:\xampp\htdocs\emlinh\yii\framework\db\CDbConnection.php:381
Stack trace:
#0 C:\xampp\htdocs\emlinh\yii\framework\db\CDbConnection.php(330): CDbConnection->open()
#1 C:\xampp\htdocs\emlinh\yii\framework\db\CDbConnection.php(308): CDbConnection->setActive(true)
#2 C:\xampp\htdocs\emlinh\yii\framework\base\CModule.php(387): CDbConnection->init()
#3 C:\xampp\htdocs\emlinh\yii\framework\base\CApplication.php(438): CModule->getComponent('db')
#4 C:\xampp\htdocs\emlinh\yii\framework\db\ar\CActiveRecord.php(623): CApplication->getDb()
#5 C:\xampp\htdocs\emlinh\yii\framework\db\ar\CActiveRecord.php(2309): CActiveRecord->getDbConnection()
#6 C:\xampp\htdocs\emlinh\yii\framework\db\ar\CActiveRecord.php(387): CActiveRecordMetaData->__construct(Object(Location))
#7 C:\xampp\htdocs\emlinh\garmentviet\protected\models\Location.php(38): CActiveRecord::model('Location')
#8 C:\xampp\htdocs\emlinh\garmentviet\protected\controllers\LocationController.php(8): Location::model()
#9 [internal function]: LocationController->actionIndex(2)
#10 C:\xampp\htdocs\emlinh\yii\framework\web\actions\CAction.php(108): ReflectionMethod->invokeArgs(Object(LocationController), Array)
#11 C:\xampp\htdocs\emlinh\yii\framework\web\actions\CInlineAction.php(47): CAction->runWithParamsInternal(Object(LocationController), Object(ReflectionMethod), Array)
#12 C:\xampp\htdocs\emlinh\yii\framework\web\CController.php(308): CInlineAction->runWithParams(Array)
#13 C:\xampp\htdocs\emlinh\yii\framework\web\CController.php(286): CController->runAction(Object(CInlineAction))
#14 C:\xampp\htdocs\emlinh\yii\framework\web\CController.php(265): CController->runActionWithFilters(Object(CInlineAction), Array)
#15 C:\xampp\htdocs\emlinh\yii\framework\web\CWebApplication.php(282): CController->run('')
#16 C:\xampp\htdocs\emlinh\yii\framework\web\CWebApplication.php(141): CWebApplication->runController('location')
#17 C:\xampp\htdocs\emlinh\yii\framework\base\CApplication.php(169): CWebApplication->processRequest()
#18 C:\xampp\htdocs\emlinh\garmentviet\index.php(13): CApplication->run()
#19 {main}
REQUEST_URI=/emlinh/garmentviet/index.php/location
---
2013/06/13 11:51:39 [error] [exception.CDbException] exception 'CDbException' with message 'CDbConnection failed to open the DB connection: SQLSTATE[28000] [1045] Access denied for user 'root'@'localhost' (using password: YES)' in C:\xampp\htdocs\emlinh\yii\framework\db\CDbConnection.php:381
Stack trace:
#0 C:\xampp\htdocs\emlinh\yii\framework\db\CDbConnection.php(330): CDbConnection->open()
#1 C:\xampp\htdocs\emlinh\yii\framework\db\CDbConnection.php(308): CDbConnection->setActive(true)
#2 C:\xampp\htdocs\emlinh\yii\framework\base\CModule.php(387): CDbConnection->init()
#3 C:\xampp\htdocs\emlinh\yii\framework\base\CApplication.php(438): CModule->getComponent('db')
#4 C:\xampp\htdocs\emlinh\yii\framework\db\ar\CActiveRecord.php(623): CApplication->getDb()
#5 C:\xampp\htdocs\emlinh\yii\framework\db\ar\CActiveRecord.php(2309): CActiveRecord->getDbConnection()
#6 C:\xampp\htdocs\emlinh\yii\framework\db\ar\CActiveRecord.php(387): CActiveRecordMetaData->__construct(Object(Location))
#7 C:\xampp\htdocs\emlinh\garmentviet\protected\models\Location.php(38): CActiveRecord::model('Location')
#8 C:\xampp\htdocs\emlinh\garmentviet\protected\controllers\LocationController.php(8): Location::model()
#9 [internal function]: LocationController->actionIndex(2)
#10 C:\xampp\htdocs\emlinh\yii\framework\web\actions\CAction.php(108): ReflectionMethod->invokeArgs(Object(LocationController), Array)
#11 C:\xampp\htdocs\emlinh\yii\framework\web\actions\CInlineAction.php(47): CAction->runWithParamsInternal(Object(LocationController), Object(ReflectionMethod), Array)
#12 C:\xampp\htdocs\emlinh\yii\framework\web\CController.php(308): CInlineAction->runWithParams(Array)
#13 C:\xampp\htdocs\emlinh\yii\framework\web\CController.php(286): CController->runAction(Object(CInlineAction))
#14 C:\xampp\htdocs\emlinh\yii\framework\web\CController.php(265): CController->runActionWithFilters(Object(CInlineAction), Array)
#15 C:\xampp\htdocs\emlinh\yii\framework\web\CWebApplication.php(282): CController->run('')
#16 C:\xampp\htdocs\emlinh\yii\framework\web\CWebApplication.php(141): CWebApplication->runController('location')
#17 C:\xampp\htdocs\emlinh\yii\framework\base\CApplication.php(169): CWebApplication->processRequest()
#18 C:\xampp\htdocs\emlinh\garmentviet\index.php(13): CApplication->run()
#19 {main}
REQUEST_URI=/emlinh/garmentviet/index.php/location
=======
2013/06/13 13:17:36 [error] [exception.CHttpException.404] exception 'CHttpException' with message 'The system is unable to find the requested action "product".' in /Applications/MAMP/htdocs/emlinh/yii/framework/web/CController.php:483
Stack trace:
#0 /Applications/MAMP/htdocs/emlinh/yii/framework/web/CController.php(270): CController->missingAction('product')
#1 /Applications/MAMP/htdocs/emlinh/yii/framework/web/CWebApplication.php(282): CController->run('product')
#2 /Applications/MAMP/htdocs/emlinh/yii/framework/web/CWebApplication.php(141): CWebApplication->runController('location/produc...')
#3 /Applications/MAMP/htdocs/emlinh/yii/framework/base/CApplication.php(169): CWebApplication->processRequest()
#4 /Applications/MAMP/htdocs/emlinh/garmentviet/index.php(13): CApplication->run()
#5 {main}
REQUEST_URI=/emlinh/garmentviet/index.php/location/product/view
HTTP_REFERER=http://localhost:8888/emlinh/garmentviet/index.php/
---
2013/06/13 13:17:56 [error] [exception.CHttpException.404] exception 'CHttpException' with message 'The system is unable to find the requested action "product".' in /Applications/MAMP/htdocs/emlinh/yii/framework/web/CController.php:483
Stack trace:
#0 /Applications/MAMP/htdocs/emlinh/yii/framework/web/CController.php(270): CController->missingAction('product')
#1 /Applications/MAMP/htdocs/emlinh/yii/framework/web/CWebApplication.php(282): CController->run('product')
#2 /Applications/MAMP/htdocs/emlinh/yii/framework/web/CWebApplication.php(141): CWebApplication->runController('location/produc...')
#3 /Applications/MAMP/htdocs/emlinh/yii/framework/base/CApplication.php(169): CWebApplication->processRequest()
#4 /Applications/MAMP/htdocs/emlinh/garmentviet/index.php(13): CApplication->run()
#5 {main}
REQUEST_URI=/emlinh/garmentviet/index.php/location/product/view
HTTP_REFERER=http://localhost:8888/emlinh/garmentviet/index.php/
>>>>>>> update home page
---
2013/06/13 15:42:29 [error] [exception.CException] exception 'CException' with message 'LocationController has an extra endWidget(CContentDecorator) call in its view.' in /Applications/MAMP/htdocs/emlinh/yii/framework/web/CBaseController.php:210
Stack trace:
#0 /Applications/MAMP/htdocs/emlinh/yii/framework/web/CBaseController.php(300): CBaseController->endWidget('CContentDecorat...')
#1 /Applications/MAMP/htdocs/emlinh/garmentviet/protected/views/layouts/column1.php(6): CBaseController->endContent()
#2 /Applications/MAMP/htdocs/emlinh/yii/framework/web/CBaseController.php(126): require('/Applications/M...')
#3 /Applications/MAMP/htdocs/emlinh/yii/framework/web/CBaseController.php(95): CBaseController->renderInternal('/Applications/M...', Array, true)
#4 /Applications/MAMP/htdocs/emlinh/yii/framework/web/CController.php(784): CBaseController->renderFile('/Applications/M...', Array, true)
#5 /Applications/MAMP/htdocs/emlinh/garmentviet/protected/controllers/LocationController.php(17): CController->render('index', Array)
#6 [internal function]: LocationController->actionIndex(2)
#7 /Applications/MAMP/htdocs/emlinh/yii/framework/web/actions/CAction.php(108): ReflectionMethod->invokeArgs(Object(LocationController), Array)
#8 /Applications/MAMP/htdocs/emlinh/yii/framework/web/actions/CInlineAction.php(47): CAction->runWithParamsInternal(Object(LocationController), Object(ReflectionMethod), Array)
#9 /Applications/MAMP/htdocs/emlinh/yii/framework/web/CController.php(308): CInlineAction->runWithParams(Array)
#10 /Applications/MAMP/htdocs/emlinh/yii/framework/web/CController.php(286): CController->runAction(Object(CInlineAction))
#11 /Applications/MAMP/htdocs/emlinh/yii/framework/web/CController.php(265): CController->runActionWithFilters(Object(CInlineAction), Array)
#12 /Applications/MAMP/htdocs/emlinh/yii/framework/web/CWebApplication.php(282): CController->run('')
#13 /Applications/MAMP/htdocs/emlinh/yii/framework/web/CWebApplication.php(141): CWebApplication->runController('')
#14 /Applications/MAMP/htdocs/emlinh/yii/framework/base/CApplication.php(169): CWebApplication->processRequest()
#15 /Applications/MAMP/htdocs/emlinh/garmentviet/index.php(13): CApplication->run()
#16 {main}
REQUEST_URI=/emlinh/garmentviet/index.php/
---
2013/06/13 15:42:53 [error] [exception.CHttpException.400] exception 'CHttpException' with message 'Your request is invalid.' in /Applications/MAMP/htdocs/emlinh/yii/framework/web/CController.php:336
Stack trace:
#0 /Applications/MAMP/htdocs/emlinh/yii/framework/web/CController.php(309): CController->invalidActionParams(Object(CInlineAction))
#1 /Applications/MAMP/htdocs/emlinh/yii/framework/web/filters/CFilterChain.php(133): CController->runAction(Object(CInlineAction))
#2 /Applications/MAMP/htdocs/emlinh/yii/framework/web/filters/CFilter.php(40): CFilterChain->run()
#3 /Applications/MAMP/htdocs/emlinh/yii/framework/web/CController.php(1145): CFilter->filter(Object(CFilterChain))
#4 /Applications/MAMP/htdocs/emlinh/yii/framework/web/filters/CInlineFilter.php(58): CController->filterAccessControl(Object(CFilterChain))
#5 /Applications/MAMP/htdocs/emlinh/yii/framework/web/filters/CFilterChain.php(130): CInlineFilter->filter(Object(CFilterChain))
#6 /Applications/MAMP/htdocs/emlinh/yii/framework/web/CController.php(291): CFilterChain->run()
#7 /Applications/MAMP/htdocs/emlinh/yii/framework/web/CController.php(265): CController->runActionWithFilters(Object(CInlineAction), Array)
#8 /Applications/MAMP/htdocs/emlinh/yii/framework/web/CWebApplication.php(282): CController->run('view')
#9 /Applications/MAMP/htdocs/emlinh/yii/framework/web/CWebApplication.php(141): CWebApplication->runController('product/view')
#10 /Applications/MAMP/htdocs/emlinh/yii/framework/base/CApplication.php(169): CWebApplication->processRequest()
#11 /Applications/MAMP/htdocs/emlinh/garmentviet/index.php(13): CApplication->run()
#12 {main}
REQUEST_URI=/emlinh/garmentviet/index.php/product/view
HTTP_REFERER=http://localhost:8888/emlinh/garmentviet/index.php/
---
2013/06/13 15:42:57 [error] [exception.CHttpException.400] exception 'CHttpException' with message 'Your request is invalid.' in /Applications/MAMP/htdocs/emlinh/yii/framework/web/CController.php:336
Stack trace:
#0 /Applications/MAMP/htdocs/emlinh/yii/framework/web/CController.php(309): CController->invalidActionParams(Object(CInlineAction))
#1 /Applications/MAMP/htdocs/emlinh/yii/framework/web/filters/CFilterChain.php(133): CController->runAction(Object(CInlineAction))
#2 /Applications/MAMP/htdocs/emlinh/yii/framework/web/filters/CFilter.php(40): CFilterChain->run()
#3 /Applications/MAMP/htdocs/emlinh/yii/framework/web/CController.php(1145): CFilter->filter(Object(CFilterChain))
#4 /Applications/MAMP/htdocs/emlinh/yii/framework/web/filters/CInlineFilter.php(58): CController->filterAccessControl(Object(CFilterChain))
#5 /Applications/MAMP/htdocs/emlinh/yii/framework/web/filters/CFilterChain.php(130): CInlineFilter->filter(Object(CFilterChain))
#6 /Applications/MAMP/htdocs/emlinh/yii/framework/web/CController.php(291): CFilterChain->run()
#7 /Applications/MAMP/htdocs/emlinh/yii/framework/web/CController.php(265): CController->runActionWithFilters(Object(CInlineAction), Array)
#8 /Applications/MAMP/htdocs/emlinh/yii/framework/web/CWebApplication.php(282): CController->run('view')
#9 /Applications/MAMP/htdocs/emlinh/yii/framework/web/CWebApplication.php(141): CWebApplication->runController('product/view')
#10 /Applications/MAMP/htdocs/emlinh/yii/framework/base/CApplication.php(169): CWebApplication->processRequest()
#11 /Applications/MAMP/htdocs/emlinh/garmentviet/index.php(13): CApplication->run()
#12 {main}
REQUEST_URI=/emlinh/garmentviet/index.php/product/view
---
2013/06/13 15:44:01 [error] [exception.CHttpException.400] exception 'CHttpException' with message 'Your request is invalid.' in /Applications/MAMP/htdocs/emlinh/yii/framework/web/CController.php:336
Stack trace:
#0 /Applications/MAMP/htdocs/emlinh/yii/framework/web/CController.php(309): CController->invalidActionParams(Object(CInlineAction))
#1 /Applications/MAMP/htdocs/emlinh/yii/framework/web/filters/CFilterChain.php(133): CController->runAction(Object(CInlineAction))
#2 /Applications/MAMP/htdocs/emlinh/yii/framework/web/filters/CFilter.php(40): CFilterChain->run()
#3 /Applications/MAMP/htdocs/emlinh/yii/framework/web/CController.php(1145): CFilter->filter(Object(CFilterChain))
#4 /Applications/MAMP/htdocs/emlinh/yii/framework/web/filters/CInlineFilter.php(58): CController->filterAccessControl(Object(CFilterChain))
#5 /Applications/MAMP/htdocs/emlinh/yii/framework/web/filters/CFilterChain.php(130): CInlineFilter->filter(Object(CFilterChain))
#6 /Applications/MAMP/htdocs/emlinh/yii/framework/web/CController.php(291): CFilterChain->run()
#7 /Applications/MAMP/htdocs/emlinh/yii/framework/web/CController.php(265): CController->runActionWithFilters(Object(CInlineAction), Array)
#8 /Applications/MAMP/htdocs/emlinh/yii/framework/web/CWebApplication.php(282): CController->run('view')
#9 /Applications/MAMP/htdocs/emlinh/yii/framework/web/CWebApplication.php(141): CWebApplication->runController('product/view')
#10 /Applications/MAMP/htdocs/emlinh/yii/framework/base/CApplication.php(169): CWebApplication->processRequest()
#11 /Applications/MAMP/htdocs/emlinh/garmentviet/index.php(13): CApplication->run()
#12 {main}
REQUEST_URI=/emlinh/garmentviet/index.php/product/view
---
2013/06/13 15:44:02 [error] [exception.CHttpException.400] exception 'CHttpException' with message 'Your request is invalid.' in /Applications/MAMP/htdocs/emlinh/yii/framework/web/CController.php:336
Stack trace:
#0 /Applications/MAMP/htdocs/emlinh/yii/framework/web/CController.php(309): CController->invalidActionParams(Object(CInlineAction))
#1 /Applications/MAMP/htdocs/emlinh/yii/framework/web/filters/CFilterChain.php(133): CController->runAction(Object(CInlineAction))
#2 /Applications/MAMP/htdocs/emlinh/yii/framework/web/filters/CFilter.php(40): CFilterChain->run()
#3 /Applications/MAMP/htdocs/emlinh/yii/framework/web/CController.php(1145): CFilter->filter(Object(CFilterChain))
#4 /Applications/MAMP/htdocs/emlinh/yii/framework/web/filters/CInlineFilter.php(58): CController->filterAccessControl(Object(CFilterChain))
#5 /Applications/MAMP/htdocs/emlinh/yii/framework/web/filters/CFilterChain.php(130): CInlineFilter->filter(Object(CFilterChain))
#6 /Applications/MAMP/htdocs/emlinh/yii/framework/web/CController.php(291): CFilterChain->run()
#7 /Applications/MAMP/htdocs/emlinh/yii/framework/web/CController.php(265): CController->runActionWithFilters(Object(CInlineAction), Array)
#8 /Applications/MAMP/htdocs/emlinh/yii/framework/web/CWebApplication.php(282): CController->run('view')
#9 /Applications/MAMP/htdocs/emlinh/yii/framework/web/CWebApplication.php(141): CWebApplication->runController('product/view')
#10 /Applications/MAMP/htdocs/emlinh/yii/framework/base/CApplication.php(169): CWebApplication->processRequest()
#11 /Applications/MAMP/htdocs/emlinh/garmentviet/index.php(13): CApplication->run()
#12 {main}
REQUEST_URI=/emlinh/garmentviet/index.php/product/view
---
